{"/home/travis/build/npmtest/node-npmtest-node-red-contrib-gpio/test.js":{"path":"/home/travis/build/npmtest/node-npmtest-node-red-contrib-gpio/test.js","s":{"1":2,"2":2,"3":2,"4":2,"5":2,"6":2,"7":2,"8":1,"9":2,"10":2,"11":1,"12":1,"13":1,"14":1,"15":2,"16":2,"17":2,"18":2,"19":1,"20":1,"21":2,"22":2,"23":2,"24":1,"25":1,"26":1,"27":1,"28":1,"29":1,"30":1,"31":1,"32":1,"33":1,"34":1,"35":1,"36":1,"37":1,"38":1,"39":2,"40":2,"41":1,"42":2,"43":2,"44":1,"45":2,"46":2,"47":1,"48":2,"49":2,"50":1,"51":1,"52":1,"53":1,"54":1},"b":{"1":[2,1,1,1],"2":[1,1,1,1],"3":[1,1],"4":[1,1],"5":[1,1],"6":[1,1],"7":[1,1],"8":[1,1],"9":[1,1],"10":[1,1,1],"11":[1,1],"12":[1,1],"13":[1,1],"14":[1,1],"15":[1,1],"16":[1,1],"17":[1,1]},"f":{"1":2,"2":2,"3":2,"4":2,"5":2,"6":1,"7":1,"8":1,"9":2,"10":2,"11":2,"12":2,"13":1},"fnMap":{"1":{"name":"(anonymous_1)","line":12,"loc":{"start":{"line":12,"column":1},"end":{"line":12,"column":13}}},"2":{"name":"(anonymous_2)","line":19,"loc":{"start":{"line":19,"column":5},"end":{"line":19,"column":17}}},"3":{"name":"(anonymous_3)","line":23,"loc":{"start":{"line":23,"column":24},"end":{"line":23,"column":36}}},"4":{"name":"(anonymous_4)","line":61,"loc":{"start":{"line":61,"column":5},"end":{"line":61,"column":17}}},"5":{"name":"(anonymous_5)","line":82,"loc":{"start":{"line":82,"column":5},"end":{"line":82,"column":17}}},"6":{"name":"(anonymous_6)","line":91,"loc":{"start":{"line":91,"column":77},"end":{"line":94,"column":10}}},"7":{"name":"(anonymous_7)","line":112,"loc":{"start":{"line":112,"column":83},"end":{"line":115,"column":10}},"skip":true},"8":{"name":"(anonymous_8)","line":123,"loc":{"start":{"line":123,"column":77},"end":{"line":126,"column":10}},"skip":true},"9":{"name":"(anonymous_9)","line":139,"loc":{"start":{"line":139,"column":12},"end":{"line":139,"column":40}},"skip":true},"10":{"name":"(anonymous_10)","line":147,"loc":{"start":{"line":147,"column":77},"end":{"line":150,"column":10}},"skip":true},"11":{"name":"(anonymous_11)","line":158,"loc":{"start":{"line":158,"column":83},"end":{"line":161,"column":10}},"skip":true},"12":{"name":"(anonymous_12)","line":169,"loc":{"start":{"line":169,"column":79},"end":{"line":172,"column":10}},"skip":true},"13":{"name":"(anonymous_13)","line":180,"loc":{"start":{"line":180,"column":75},"end":{"line":183,"column":10}},"skip":true}},"statementMap":{"1":{"start":{"line":12,"column":0},"end":{"line":195,"column":5}},"2":{"start":{"line":14,"column":4},"end":{"line":14,"column":14}},"3":{"start":{"line":19,"column":4},"end":{"line":56,"column":9}},"4":{"start":{"line":21,"column":8},"end":{"line":21,"column":19}},"5":{"start":{"line":23,"column":8},"end":{"line":35,"column":13}},"6":{"start":{"line":24,"column":12},"end":{"line":34,"column":13}},"7":{"start":{"line":25,"column":16},"end":{"line":28,"column":30}},"8":{"start":{"line":30,"column":16},"end":{"line":33,"column":27}},"9":{"start":{"line":37,"column":8},"end":{"line":39,"column":21}},"10":{"start":{"line":40,"column":8},"end":{"line":53,"column":9}},"11":{"start":{"line":43,"column":12},"end":{"line":46,"column":14}},"12":{"start":{"line":47,"column":12},"end":{"line":47,"column":18}},"13":{"start":{"line":50,"column":12},"end":{"line":51,"column":46}},"14":{"start":{"line":52,"column":12},"end":{"line":52,"column":18}},"15":{"start":{"line":55,"column":8},"end":{"line":55,"column":35}},"16":{"start":{"line":61,"column":4},"end":{"line":63,"column":9}},"17":{"start":{"line":62,"column":8},"end":{"line":62,"column":15}},"18":{"start":{"line":64,"column":4},"end":{"line":77,"column":5}},"19":{"start":{"line":70,"column":8},"end":{"line":70,"column":14}},"20":{"start":{"line":76,"column":8},"end":{"line":76,"column":14}},"21":{"start":{"line":82,"column":4},"end":{"line":84,"column":9}},"22":{"start":{"line":83,"column":8},"end":{"line":83,"column":15}},"23":{"start":{"line":85,"column":4},"end":{"line":194,"column":5}},"24":{"start":{"line":91,"column":8},"end":{"line":99,"column":10}},"25":{"start":{"line":98,"column":12},"end":{"line":98,"column":35}},"26":{"start":{"line":102,"column":8},"end":{"line":104,"column":63}},"27":{"start":{"line":105,"column":8},"end":{"line":105,"column":14}},"28":{"start":{"line":112,"column":8},"end":{"line":121,"column":10},"skip":true},"29":{"start":{"line":119,"column":12},"end":{"line":119,"column":55},"skip":true},"30":{"start":{"line":120,"column":12},"end":{"line":120,"column":48},"skip":true},"31":{"start":{"line":123,"column":8},"end":{"line":136,"column":10},"skip":true},"32":{"start":{"line":130,"column":12},"end":{"line":130,"column":76},"skip":true},"33":{"start":{"line":131,"column":12},"end":{"line":131,"column":73},"skip":true},"34":{"start":{"line":132,"column":12},"end":{"line":132,"column":74},"skip":true},"35":{"start":{"line":133,"column":12},"end":{"line":133,"column":79},"skip":true},"36":{"start":{"line":134,"column":12},"end":{"line":134,"column":25},"skip":true},"37":{"start":{"line":135,"column":12},"end":{"line":135,"column":45},"skip":true},"38":{"start":{"line":138,"column":8},"end":{"line":145,"column":14},"skip":true},"39":{"start":{"line":143,"column":16},"end":{"line":143,"column":29},"skip":true},"40":{"start":{"line":144,"column":16},"end":{"line":144,"column":55},"skip":true},"41":{"start":{"line":147,"column":8},"end":{"line":156,"column":10},"skip":true},"42":{"start":{"line":154,"column":12},"end":{"line":154,"column":25},"skip":true},"43":{"start":{"line":155,"column":12},"end":{"line":155,"column":45},"skip":true},"44":{"start":{"line":158,"column":8},"end":{"line":167,"column":10},"skip":true},"45":{"start":{"line":165,"column":12},"end":{"line":165,"column":25},"skip":true},"46":{"start":{"line":166,"column":12},"end":{"line":166,"column":48},"skip":true},"47":{"start":{"line":169,"column":8},"end":{"line":178,"column":10},"skip":true},"48":{"start":{"line":176,"column":12},"end":{"line":176,"column":25},"skip":true},"49":{"start":{"line":177,"column":12},"end":{"line":177,"column":46},"skip":true},"50":{"start":{"line":180,"column":8},"end":{"line":189,"column":10},"skip":true},"51":{"start":{"line":187,"column":12},"end":{"line":187,"column":94},"skip":true},"52":{"start":{"line":188,"column":12},"end":{"line":188,"column":48},"skip":true},"53":{"start":{"line":192,"column":8},"end":{"line":192,"column":35},"skip":true},"54":{"start":{"line":193,"column":8},"end":{"line":193,"column":14},"skip":true}},"branchMap":{"1":{"line":25,"type":"binary-expr","locations":[{"start":{"line":25,"column":23},"end":{"line":25,"column":62}},{"start":{"line":26,"column":20},"end":{"line":26,"column":70}},{"start":{"line":27,"column":20},"end":{"line":27,"column":71}},{"start":{"line":28,"column":20},"end":{"line":28,"column":29}}]},"2":{"line":30,"type":"binary-expr","locations":[{"start":{"line":30,"column":23},"end":{"line":30,"column":37}},{"start":{"line":31,"column":20},"end":{"line":31,"column":61}},{"start":{"line":32,"column":20},"end":{"line":32,"column":70}},{"start":{"line":33,"column":20},"end":{"line":33,"column":26}}]},"3":{"line":37,"type":"cond-expr","locations":[{"start":{"line":38,"column":14},"end":{"line":38,"column":20}},{"start":{"line":39,"column":14},"end":{"line":39,"column":20}}]},"4":{"line":40,"type":"switch","locations":[{"start":{"line":42,"column":8},"end":{"line":47,"column":18}},{"start":{"line":49,"column":8},"end":{"line":52,"column":18}}]},"5":{"line":44,"type":"binary-expr","locations":[{"start":{"line":44,"column":16},"end":{"line":44,"column":44}},{"start":{"line":44,"column":48},"end":{"line":44,"column":66}}]},"6":{"line":50,"type":"binary-expr","locations":[{"start":{"line":50,"column":21},"end":{"line":50,"column":49}},{"start":{"line":50,"column":53},"end":{"line":50,"column":72}}]},"7":{"line":64,"type":"switch","locations":[{"start":{"line":69,"column":4},"end":{"line":70,"column":14}},{"start":{"line":75,"column":4},"end":{"line":76,"column":14}}]},"8":{"line":85,"type":"switch","locations":[{"start":{"line":90,"column":4},"end":{"line":105,"column":14}},{"start":{"line":111,"column":4},"end":{"line":193,"column":14},"skip":true}]},"9":{"line":91,"type":"binary-expr","locations":[{"start":{"line":91,"column":42},"end":{"line":91,"column":73}},{"start":{"line":91,"column":77},"end":{"line":99,"column":9}}]},"10":{"line":102,"type":"binary-expr","locations":[{"start":{"line":102,"column":18},"end":{"line":102,"column":32}},{"start":{"line":103,"column":12},"end":{"line":103,"column":53}},{"start":{"line":104,"column":12},"end":{"line":104,"column":61}}]},"11":{"line":112,"type":"binary-expr","locations":[{"start":{"line":112,"column":45},"end":{"line":112,"column":79},"skip":true},{"start":{"line":112,"column":83},"end":{"line":121,"column":9},"skip":true}]},"12":{"line":123,"type":"binary-expr","locations":[{"start":{"line":123,"column":42},"end":{"line":123,"column":73},"skip":true},{"start":{"line":123,"column":77},"end":{"line":136,"column":9},"skip":true}]},"13":{"line":138,"type":"binary-expr","locations":[{"start":{"line":138,"column":48},"end":{"line":138,"column":85},"skip":true},{"start":{"line":139,"column":12},"end":{"line":145,"column":13},"skip":true}]},"14":{"line":147,"type":"binary-expr","locations":[{"start":{"line":147,"column":42},"end":{"line":147,"column":73},"skip":true},{"start":{"line":147,"column":77},"end":{"line":156,"column":9},"skip":true}]},"15":{"line":158,"type":"binary-expr","locations":[{"start":{"line":158,"column":45},"end":{"line":158,"column":79},"skip":true},{"start":{"line":158,"column":83},"end":{"line":167,"column":9},"skip":true}]},"16":{"line":169,"type":"binary-expr","locations":[{"start":{"line":169,"column":43},"end":{"line":169,"column":75},"skip":true},{"start":{"line":169,"column":79},"end":{"line":178,"column":9},"skip":true}]},"17":{"line":180,"type":"binary-expr","locations":[{"start":{"line":180,"column":41},"end":{"line":180,"column":71},"skip":true},{"start":{"line":180,"column":75},"end":{"line":189,"column":9},"skip":true}]}},"code":["/* istanbul instrument in package npmtest_node_red_contrib_gpio */","/*jslint","    bitwise: true,","    browser: true,","    maxerr: 8,","    maxlen: 96,","    node: true,","    nomen: true,","    regexp: true,","    stupid: true","*/","(function () {","    'use strict';","    var local;","","","","    // run shared js-env code - pre-init","    (function () {","        // init local","        local = {};","        // init modeJs","        local.modeJs = (function () {","            try {","                return typeof navigator.userAgent === 'string' &&","                    typeof document.querySelector('body') === 'object' &&","                    typeof XMLHttpRequest.prototype.open === 'function' &&","                    'browser';","            } catch (errorCaughtBrowser) {","                return module.exports &&","                    typeof process.versions.node === 'string' &&","                    typeof require('http').createServer === 'function' &&","                    'node';","            }","        }());","        // init global","        local.global = local.modeJs === 'browser'","            ? window","            : global;","        switch (local.modeJs) {","        // re-init local from window.local","        case 'browser':","            local = local.global.utility2.objectSetDefault(","                local.global.utility2_rollup || local.global.local,","                local.global.utility2","            );","            break;","        // re-init local from example.js","        case 'node':","            local = (local.global.utility2_rollup || require('utility2'))","                .requireExampleJsFromReadme();","            break;","        }","        // export local","        local.global.local = local;","    }());","","","","    // run shared js-env code - function","    (function () {","        return;","    }());","    switch (local.modeJs) {","","","","    // run browser js-env code - function","    case 'browser':","        break;","","","","    // run node js-env code - function","    case 'node':","        break;","    }","","","","    // run shared js-env code - post-init","    (function () {","        return;","    }());","    switch (local.modeJs) {","","","","    // run browser js-env code - post-init","    case 'browser':","        local.testCase_browser_nullCase = local.testCase_browser_nullCase || function (","            options,","            onError","        ) {","        /*","         * this function will test browsers's null-case handling-behavior-behavior","         */","            onError(null, options);","        };","","        // run tests","        local.nop(local.modeTest &&","            document.querySelector('#testRunButton1') &&","            document.querySelector('#testRunButton1').click());","        break;","","","","    // run node js-env code - post-init","    /* istanbul ignore next */","    case 'node':","        local.testCase_buildApidoc_default = local.testCase_buildApidoc_default || function (","            options,","            onError","        ) {","        /*","         * this function will test buildApidoc's default handling-behavior-behavior","         */","            options = { modulePathList: module.paths };","            local.buildApidoc(options, onError);","        };","","        local.testCase_buildApp_default = local.testCase_buildApp_default || function (","            options,","            onError","        ) {","        /*","         * this function will test buildApp's default handling-behavior-behavior","         */","            local.testCase_buildReadme_default(options, local.onErrorThrow);","            local.testCase_buildLib_default(options, local.onErrorThrow);","            local.testCase_buildTest_default(options, local.onErrorThrow);","            local.testCase_buildCustomOrg_default(options, local.onErrorThrow);","            options = [];","            local.buildApp(options, onError);","        };","","        local.testCase_buildCustomOrg_default = local.testCase_buildCustomOrg_default ||","            function (options, onError) {","            /*","             * this function will test buildCustomOrg's default handling-behavior","             */","                options = {};","                local.buildCustomOrg(options, onError);","            };","","        local.testCase_buildLib_default = local.testCase_buildLib_default || function (","            options,","            onError","        ) {","        /*","         * this function will test buildLib's default handling-behavior","         */","            options = {};","            local.buildLib(options, onError);","        };","","        local.testCase_buildReadme_default = local.testCase_buildReadme_default || function (","            options,","            onError","        ) {","        /*","         * this function will test buildReadme's default handling-behavior-behavior","         */","            options = {};","            local.buildReadme(options, onError);","        };","","        local.testCase_buildTest_default = local.testCase_buildTest_default || function (","            options,","            onError","        ) {","        /*","         * this function will test buildTest's default handling-behavior","         */","            options = {};","            local.buildTest(options, onError);","        };","","        local.testCase_webpage_default = local.testCase_webpage_default || function (","            options,","            onError","        ) {","        /*","         * this function will test webpage's default handling-behavior","         */","            options = { modeCoverageMerge: true, url: local.serverLocalHost + '?modeTest=1' };","            local.browserTest(options, onError);","        };","","        // run test-server","        local.testRunServer(local);","        break;","    }","}());",""],"l":{"12":2,"14":2,"19":2,"21":2,"23":2,"24":2,"25":2,"30":1,"37":2,"40":2,"43":1,"47":1,"50":1,"52":1,"55":2,"61":2,"62":2,"64":2,"70":1,"76":1,"82":2,"83":2,"85":2,"91":1,"98":1,"102":1,"105":1,"112":1,"119":1,"120":1,"123":1,"130":1,"131":1,"132":1,"133":1,"134":1,"135":1,"138":1,"143":2,"144":2,"147":1,"154":2,"155":2,"158":1,"165":2,"166":2,"169":1,"176":2,"177":2,"180":1,"187":1,"188":1,"192":1,"193":1}},"/home/travis/build/npmtest/node-npmtest-node-red-contrib-gpio/lib.npmtest_node_red_contrib_gpio.js":{"path":"/home/travis/build/npmtest/node-npmtest-node-red-contrib-gpio/lib.npmtest_node_red_contrib_gpio.js","s":{"1":2,"2":2,"3":2,"4":2,"5":2,"6":2,"7":2,"8":1,"9":2,"10":2,"11":2,"12":2,"13":1,"14":1,"15":1,"16":1},"b":{"1":[2,1,1,1],"2":[1,1,1,1],"3":[1,1],"4":[2,2],"5":[1,1]},"f":{"1":2,"2":2,"3":2},"fnMap":{"1":{"name":"(anonymous_1)","line":12,"loc":{"start":{"line":12,"column":1},"end":{"line":12,"column":13}}},"2":{"name":"(anonymous_2)","line":19,"loc":{"start":{"line":19,"column":5},"end":{"line":19,"column":17}}},"3":{"name":"(anonymous_3)","line":23,"loc":{"start":{"line":23,"column":24},"end":{"line":23,"column":36}}}},"statementMap":{"1":{"start":{"line":12,"column":0},"end":{"line":53,"column":5}},"2":{"start":{"line":14,"column":4},"end":{"line":14,"column":14}},"3":{"start":{"line":19,"column":4},"end":{"line":52,"column":9}},"4":{"start":{"line":21,"column":8},"end":{"line":21,"column":19}},"5":{"start":{"line":23,"column":8},"end":{"line":35,"column":13}},"6":{"start":{"line":24,"column":12},"end":{"line":34,"column":13}},"7":{"start":{"line":25,"column":16},"end":{"line":28,"column":30}},"8":{"start":{"line":30,"column":16},"end":{"line":33,"column":27}},"9":{"start":{"line":37,"column":8},"end":{"line":39,"column":21}},"10":{"start":{"line":41,"column":8},"end":{"line":41,"column":54}},"11":{"start":{"line":43,"column":8},"end":{"line":43,"column":66}},"12":{"start":{"line":45,"column":8},"end":{"line":51,"column":9}},"13":{"start":{"line":46,"column":12},"end":{"line":46,"column":72}},"14":{"start":{"line":48,"column":12},"end":{"line":48,"column":35}},"15":{"start":{"line":49,"column":12},"end":{"line":49,"column":49}},"16":{"start":{"line":50,"column":12},"end":{"line":50,"column":43}}},"branchMap":{"1":{"line":25,"type":"binary-expr","locations":[{"start":{"line":25,"column":23},"end":{"line":25,"column":62}},{"start":{"line":26,"column":20},"end":{"line":26,"column":70}},{"start":{"line":27,"column":20},"end":{"line":27,"column":71}},{"start":{"line":28,"column":20},"end":{"line":28,"column":29}}]},"2":{"line":30,"type":"binary-expr","locations":[{"start":{"line":30,"column":23},"end":{"line":30,"column":37}},{"start":{"line":31,"column":20},"end":{"line":31,"column":61}},{"start":{"line":32,"column":20},"end":{"line":32,"column":70}},{"start":{"line":33,"column":20},"end":{"line":33,"column":26}}]},"3":{"line":37,"type":"cond-expr","locations":[{"start":{"line":38,"column":14},"end":{"line":38,"column":20}},{"start":{"line":39,"column":14},"end":{"line":39,"column":20}}]},"4":{"line":41,"type":"binary-expr","locations":[{"start":{"line":41,"column":16},"end":{"line":41,"column":44}},{"start":{"line":41,"column":48},"end":{"line":41,"column":53}}]},"5":{"line":45,"type":"if","locations":[{"start":{"line":45,"column":8},"end":{"line":45,"column":8}},{"start":{"line":45,"column":8},"end":{"line":45,"column":8}}]}},"code":["/* istanbul instrument in package npmtest_node_red_contrib_gpio */","/*jslint","    bitwise: true,","    browser: true,","    maxerr: 8,","    maxlen: 96,","    node: true,","    nomen: true,","    regexp: true,","    stupid: true","*/","(function () {","    'use strict';","    var local;","","","","    // run shared js-env code - pre-init","    (function () {","        // init local","        local = {};","        // init modeJs","        local.modeJs = (function () {","            try {","                return typeof navigator.userAgent === 'string' &&","                    typeof document.querySelector('body') === 'object' &&","                    typeof XMLHttpRequest.prototype.open === 'function' &&","                    'browser';","            } catch (errorCaughtBrowser) {","                return module.exports &&","                    typeof process.versions.node === 'string' &&","                    typeof require('http').createServer === 'function' &&","                    'node';","            }","        }());","        // init global","        local.global = local.modeJs === 'browser'","            ? window","            : global;","        // init utility2_rollup","        local = local.global.utility2_rollup || local;","        // init lib","        local.local = local.npmtest_node_red_contrib_gpio = local;","        // init exports","        if (local.modeJs === 'browser') {","            local.global.utility2_npmtest_node_red_contrib_gpio = local;","        } else {","            module.exports = local;","            module.exports.__dirname = __dirname;","            module.exports.module = module;","        }","    }());","}());",""],"l":{"12":2,"14":2,"19":2,"21":2,"23":2,"24":2,"25":2,"30":1,"37":2,"41":2,"43":2,"45":2,"46":1,"48":1,"49":1,"50":1}},"/home/travis/build/npmtest/node-npmtest-node-red-contrib-gpio/example.js":{"path":"/home/travis/build/npmtest/node-npmtest-node-red-contrib-gpio/example.js","s":{"1":2,"2":2,"3":2,"4":2,"5":2,"6":2,"7":2,"8":1,"9":2,"10":2,"11":2,"12":2,"13":1,"14":2,"15":2,"16":2,"17":2,"18":2,"19":0,"20":2,"21":1,"22":1,"23":1,"24":1,"25":1,"26":0,"27":0,"28":1,"29":1,"30":2,"31":0,"32":0,"33":0,"34":1,"35":2,"36":2,"37":3,"38":3,"39":3,"40":3,"41":0,"42":3,"43":3,"44":3,"45":1,"46":3,"47":1,"48":1,"49":1,"50":1,"51":1,"52":1,"53":1,"54":1,"55":1,"56":1,"57":0,"58":1,"59":6,"60":6,"61":1,"62":2,"63":0,"64":2,"65":1,"66":1,"67":0,"68":0,"69":0,"70":0,"71":0,"72":0,"73":0,"74":0,"75":0,"76":0,"77":0,"78":0,"79":0,"80":0,"81":0,"82":0,"83":0},"b":{"1":[2,1,1,1],"2":[1,1,1,1],"3":[1,1],"4":[2,2],"5":[1,1],"6":[1,1],"7":[2,0],"8":[2,1,1,1,1,1],"9":[0,2,0],"10":[1,1],"11":[2,1,1],"12":[1,0],"13":[0,2],"14":[2,0,0,0,0,0,0],"15":[0,3],"16":[3,0],"17":[1,1],"18":[0,1],"19":[1,2,0,2],"20":[1,0],"21":[1,1],"22":[0,0],"23":[0,0],"24":[0,0],"25":[0,0],"26":[0,0],"27":[0,0],"28":[0,0]},"f":{"1":2,"2":2,"3":2,"4":2,"5":2,"6":2,"7":3,"8":3,"9":3,"10":1,"11":6,"12":0},"fnMap":{"1":{"name":"(anonymous_1)","line":26,"loc":{"start":{"line":26,"column":1},"end":{"line":26,"column":13}}},"2":{"name":"(anonymous_2)","line":33,"loc":{"start":{"line":33,"column":5},"end":{"line":33,"column":17}}},"3":{"name":"(anonymous_3)","line":37,"loc":{"start":{"line":37,"column":24},"end":{"line":37,"column":36}}},"4":{"name":"(anonymous_4)","line":69,"loc":{"start":{"line":69,"column":31},"end":{"line":69,"column":48}},"skip":true},"5":{"name":"(anonymous_5)","line":78,"loc":{"start":{"line":78,"column":26},"end":{"line":78,"column":45}},"skip":true},"6":{"name":"(anonymous_6)","line":123,"loc":{"start":{"line":123,"column":33},"end":{"line":123,"column":48}},"skip":true},"7":{"name":"(anonymous_7)","line":125,"loc":{"start":{"line":125,"column":27},"end":{"line":125,"column":39}},"skip":true},"8":{"name":"(anonymous_8)","line":133,"loc":{"start":{"line":133,"column":59},"end":{"line":133,"column":74}},"skip":true},"9":{"name":"(anonymous_9)","line":143,"loc":{"start":{"line":143,"column":45},"end":{"line":143,"column":62}},"skip":true},"10":{"name":"(anonymous_10)","line":144,"loc":{"start":{"line":144,"column":73},"end":{"line":144,"column":92}},"skip":true},"11":{"name":"(anonymous_11)","line":272,"loc":{"start":{"line":272,"column":51},"end":{"line":272,"column":77}},"skip":true},"12":{"name":"(anonymous_12)","line":315,"loc":{"start":{"line":315,"column":32},"end":{"line":315,"column":61}},"skip":true}},"statementMap":{"1":{"start":{"line":26,"column":0},"end":{"line":326,"column":5}},"2":{"start":{"line":28,"column":4},"end":{"line":28,"column":14}},"3":{"start":{"line":33,"column":4},"end":{"line":60,"column":9}},"4":{"start":{"line":35,"column":8},"end":{"line":35,"column":19}},"5":{"start":{"line":37,"column":8},"end":{"line":49,"column":13}},"6":{"start":{"line":38,"column":12},"end":{"line":48,"column":13}},"7":{"start":{"line":39,"column":16},"end":{"line":42,"column":30}},"8":{"start":{"line":44,"column":16},"end":{"line":47,"column":27}},"9":{"start":{"line":51,"column":8},"end":{"line":53,"column":21}},"10":{"start":{"line":55,"column":8},"end":{"line":57,"column":45}},"11":{"start":{"line":59,"column":8},"end":{"line":59,"column":35}},"12":{"start":{"line":61,"column":4},"end":{"line":325,"column":5}},"13":{"start":{"line":69,"column":8},"end":{"line":121,"column":10},"skip":true},"14":{"start":{"line":70,"column":12},"end":{"line":88,"column":13},"skip":true},"15":{"start":{"line":76,"column":16},"end":{"line":87,"column":19},"skip":true},"16":{"start":{"line":79,"column":20},"end":{"line":86,"column":21},"skip":true},"17":{"start":{"line":82,"column":24},"end":{"line":82,"column":43},"skip":true},"18":{"start":{"line":83,"column":24},"end":{"line":83,"column":30},"skip":true},"19":{"start":{"line":85,"column":24},"end":{"line":85,"column":49},"skip":true},"20":{"start":{"line":89,"column":12},"end":{"line":107,"column":13},"skip":true},"21":{"start":{"line":92,"column":16},"end":{"line":102,"column":17},"skip":true},"22":{"start":{"line":93,"column":20},"end":{"line":93,"column":86},"skip":true},"23":{"start":{"line":94,"column":20},"end":{"line":95,"column":45},"skip":true},"24":{"start":{"line":96,"column":20},"end":{"line":96,"column":42},"skip":true},"25":{"start":{"line":97,"column":20},"end":{"line":97,"column":48},"skip":true},"26":{"start":{"line":100,"column":20},"end":{"line":100,"column":85},"skip":true},"27":{"start":{"line":101,"column":20},"end":{"line":101,"column":96},"skip":true},"28":{"start":{"line":103,"column":16},"end":{"line":103,"column":22},"skip":true},"29":{"start":{"line":106,"column":16},"end":{"line":106,"column":22},"skip":true},"30":{"start":{"line":108,"column":12},"end":{"line":120,"column":13},"skip":true},"31":{"start":{"line":114,"column":16},"end":{"line":119,"column":17},"skip":true},"32":{"start":{"line":116,"column":20},"end":{"line":116,"column":78},"skip":true},"33":{"start":{"line":118,"column":20},"end":{"line":118,"column":47},"skip":true},"34":{"start":{"line":123,"column":8},"end":{"line":141,"column":11},"skip":true},"35":{"start":{"line":124,"column":12},"end":{"line":124,"column":54},"skip":true},"36":{"start":{"line":125,"column":12},"end":{"line":140,"column":14},"skip":true},"37":{"start":{"line":126,"column":16},"end":{"line":126,"column":28},"skip":true},"38":{"start":{"line":127,"column":16},"end":{"line":127,"column":69},"skip":true},"39":{"start":{"line":128,"column":16},"end":{"line":128,"column":75},"skip":true},"40":{"start":{"line":129,"column":16},"end":{"line":131,"column":17},"skip":true},"41":{"start":{"line":130,"column":20},"end":{"line":130,"column":27},"skip":true},"42":{"start":{"line":133,"column":16},"end":{"line":137,"column":36},"skip":true},"43":{"start":{"line":134,"column":20},"end":{"line":136,"column":55},"skip":true},"44":{"start":{"line":139,"column":16},"end":{"line":139,"column":57},"skip":true},"45":{"start":{"line":143,"column":8},"end":{"line":147,"column":11},"skip":true},"46":{"start":{"line":144,"column":12},"end":{"line":146,"column":15},"skip":true},"47":{"start":{"line":145,"column":16},"end":{"line":145,"column":70},"skip":true},"48":{"start":{"line":149,"column":8},"end":{"line":149,"column":31},"skip":true},"49":{"start":{"line":150,"column":8},"end":{"line":150,"column":14},"skip":true},"50":{"start":{"line":158,"column":8},"end":{"line":158,"column":31},"skip":true},"51":{"start":{"line":160,"column":8},"end":{"line":160,"column":33},"skip":true},"52":{"start":{"line":161,"column":8},"end":{"line":161,"column":37},"skip":true},"53":{"start":{"line":162,"column":8},"end":{"line":162,"column":35},"skip":true},"54":{"start":{"line":164,"column":8},"end":{"line":164,"column":50},"skip":true},"55":{"start":{"line":166,"column":8},"end":{"line":256,"column":2},"skip":true},"56":{"start":{"line":258,"column":8},"end":{"line":286,"column":9},"skip":true},"57":{"start":{"line":259,"column":12},"end":{"line":269,"column":14},"skip":true},"58":{"start":{"line":271,"column":12},"end":{"line":285,"column":19},"skip":true},"59":{"start":{"line":274,"column":20},"end":{"line":274,"column":35},"skip":true},"60":{"start":{"line":275,"column":20},"end":{"line":284,"column":21},"skip":true},"61":{"start":{"line":277,"column":24},"end":{"line":277,"column":64},"skip":true},"62":{"start":{"line":279,"column":24},"end":{"line":279,"column":40},"skip":true},"63":{"start":{"line":281,"column":24},"end":{"line":281,"column":40},"skip":true},"64":{"start":{"line":283,"column":24},"end":{"line":283,"column":39},"skip":true},"65":{"start":{"line":288,"column":8},"end":{"line":290,"column":9},"skip":true},"66":{"start":{"line":289,"column":12},"end":{"line":289,"column":18},"skip":true},"67":{"start":{"line":291,"column":8},"end":{"line":293,"column":54},"skip":true},"68":{"start":{"line":296,"column":8},"end":{"line":301,"column":37},"skip":true},"69":{"start":{"line":303,"column":8},"end":{"line":303,"column":82},"skip":true},"70":{"start":{"line":306,"column":8},"end":{"line":308,"column":9},"skip":true},"71":{"start":{"line":307,"column":12},"end":{"line":307,"column":82},"skip":true},"72":{"start":{"line":310,"column":8},"end":{"line":312,"column":9},"skip":true},"73":{"start":{"line":311,"column":12},"end":{"line":311,"column":18},"skip":true},"74":{"start":{"line":313,"column":8},"end":{"line":313,"column":54},"skip":true},"75":{"start":{"line":314,"column":8},"end":{"line":314,"column":69},"skip":true},"76":{"start":{"line":315,"column":8},"end":{"line":323,"column":36},"skip":true},"77":{"start":{"line":316,"column":12},"end":{"line":316,"column":61},"skip":true},"78":{"start":{"line":317,"column":12},"end":{"line":320,"column":13},"skip":true},"79":{"start":{"line":318,"column":16},"end":{"line":318,"column":75},"skip":true},"80":{"start":{"line":319,"column":16},"end":{"line":319,"column":23},"skip":true},"81":{"start":{"line":321,"column":12},"end":{"line":321,"column":38},"skip":true},"82":{"start":{"line":322,"column":12},"end":{"line":322,"column":27},"skip":true},"83":{"start":{"line":324,"column":8},"end":{"line":324,"column":14},"skip":true}},"branchMap":{"1":{"line":39,"type":"binary-expr","locations":[{"start":{"line":39,"column":23},"end":{"line":39,"column":62}},{"start":{"line":40,"column":20},"end":{"line":40,"column":70}},{"start":{"line":41,"column":20},"end":{"line":41,"column":71}},{"start":{"line":42,"column":20},"end":{"line":42,"column":29}}]},"2":{"line":44,"type":"binary-expr","locations":[{"start":{"line":44,"column":23},"end":{"line":44,"column":37}},{"start":{"line":45,"column":20},"end":{"line":45,"column":61}},{"start":{"line":46,"column":20},"end":{"line":46,"column":70}},{"start":{"line":47,"column":20},"end":{"line":47,"column":26}}]},"3":{"line":51,"type":"cond-expr","locations":[{"start":{"line":52,"column":14},"end":{"line":52,"column":20}},{"start":{"line":53,"column":14},"end":{"line":53,"column":20}}]},"4":{"line":55,"type":"binary-expr","locations":[{"start":{"line":55,"column":16},"end":{"line":55,"column":44}},{"start":{"line":55,"column":49},"end":{"line":57,"column":43}}]},"5":{"line":55,"type":"cond-expr","locations":[{"start":{"line":56,"column":14},"end":{"line":56,"column":65}},{"start":{"line":57,"column":14},"end":{"line":57,"column":43}}]},"6":{"line":61,"type":"switch","locations":[{"start":{"line":68,"column":4},"end":{"line":150,"column":14},"skip":true},{"start":{"line":156,"column":4},"end":{"line":324,"column":14},"skip":true}]},"7":{"line":70,"type":"if","locations":[{"start":{"line":70,"column":12},"end":{"line":70,"column":12},"skip":true},{"start":{"line":70,"column":12},"end":{"line":70,"column":12},"skip":true}]},"8":{"line":70,"type":"binary-expr","locations":[{"start":{"line":70,"column":16},"end":{"line":70,"column":22},"skip":true},{"start":{"line":70,"column":27},"end":{"line":70,"column":32},"skip":true},{"start":{"line":71,"column":20},"end":{"line":71,"column":39},"skip":true},{"start":{"line":72,"column":20},"end":{"line":72,"column":49},"skip":true},{"start":{"line":73,"column":20},"end":{"line":73,"column":58},"skip":true},{"start":{"line":74,"column":20},"end":{"line":74,"column":69},"skip":true}]},"9":{"line":79,"type":"switch","locations":[{"start":{"line":80,"column":20},"end":{"line":80,"column":33},"skip":true},{"start":{"line":81,"column":20},"end":{"line":83,"column":30},"skip":true},{"start":{"line":84,"column":20},"end":{"line":85,"column":49},"skip":true}]},"10":{"line":89,"type":"switch","locations":[{"start":{"line":90,"column":12},"end":{"line":103,"column":22},"skip":true},{"start":{"line":105,"column":12},"end":{"line":106,"column":22},"skip":true}]},"11":{"line":89,"type":"binary-expr","locations":[{"start":{"line":89,"column":20},"end":{"line":89,"column":25},"skip":true},{"start":{"line":89,"column":29},"end":{"line":89,"column":48},"skip":true},{"start":{"line":89,"column":52},"end":{"line":89,"column":74},"skip":true}]},"12":{"line":92,"type":"if","locations":[{"start":{"line":92,"column":16},"end":{"line":92,"column":16},"skip":true},{"start":{"line":92,"column":16},"end":{"line":92,"column":16},"skip":true}]},"13":{"line":108,"type":"if","locations":[{"start":{"line":108,"column":12},"end":{"line":108,"column":12},"skip":true},{"start":{"line":108,"column":12},"end":{"line":108,"column":12},"skip":true}]},"14":{"line":108,"type":"binary-expr","locations":[{"start":{"line":108,"column":16},"end":{"line":108,"column":61},"skip":true},{"start":{"line":108,"column":66},"end":{"line":108,"column":72},"skip":true},{"start":{"line":108,"column":77},"end":{"line":108,"column":82},"skip":true},{"start":{"line":109,"column":20},"end":{"line":109,"column":39},"skip":true},{"start":{"line":110,"column":20},"end":{"line":110,"column":49},"skip":true},{"start":{"line":111,"column":20},"end":{"line":111,"column":58},"skip":true},{"start":{"line":112,"column":20},"end":{"line":112,"column":68},"skip":true}]},"15":{"line":129,"type":"if","locations":[{"start":{"line":129,"column":16},"end":{"line":129,"column":16},"skip":true},{"start":{"line":129,"column":16},"end":{"line":129,"column":16},"skip":true}]},"16":{"line":134,"type":"cond-expr","locations":[{"start":{"line":135,"column":26},"end":{"line":135,"column":29},"skip":true},{"start":{"line":136,"column":26},"end":{"line":136,"column":54},"skip":true}]},"17":{"line":164,"type":"binary-expr","locations":[{"start":{"line":164,"column":27},"end":{"line":164,"column":43},"skip":true},{"start":{"line":164,"column":47},"end":{"line":164,"column":49},"skip":true}]},"18":{"line":258,"type":"if","locations":[{"start":{"line":258,"column":8},"end":{"line":258,"column":8},"skip":true},{"start":{"line":258,"column":8},"end":{"line":258,"column":8},"skip":true}]},"19":{"line":275,"type":"switch","locations":[{"start":{"line":276,"column":20},"end":{"line":277,"column":64},"skip":true},{"start":{"line":278,"column":20},"end":{"line":279,"column":40},"skip":true},{"start":{"line":280,"column":20},"end":{"line":281,"column":40},"skip":true},{"start":{"line":282,"column":20},"end":{"line":283,"column":39},"skip":true}]},"20":{"line":288,"type":"if","locations":[{"start":{"line":288,"column":8},"end":{"line":288,"column":8},"skip":true},{"start":{"line":288,"column":8},"end":{"line":288,"column":8},"skip":true}]},"21":{"line":288,"type":"binary-expr","locations":[{"start":{"line":288,"column":12},"end":{"line":288,"column":40},"skip":true},{"start":{"line":288,"column":44},"end":{"line":288,"column":67},"skip":true}]},"22":{"line":292,"type":"binary-expr","locations":[{"start":{"line":292,"column":12},"end":{"line":292,"column":50},"skip":true},{"start":{"line":293,"column":12},"end":{"line":293,"column":53},"skip":true}]},"23":{"line":297,"type":"binary-expr","locations":[{"start":{"line":297,"column":12},"end":{"line":297,"column":79},"skip":true},{"start":{"line":298,"column":12},"end":{"line":301,"column":36},"skip":true}]},"24":{"line":303,"type":"binary-expr","locations":[{"start":{"line":303,"column":43},"end":{"line":303,"column":75},"skip":true},{"start":{"line":303,"column":79},"end":{"line":303,"column":81},"skip":true}]},"25":{"line":306,"type":"if","locations":[{"start":{"line":306,"column":8},"end":{"line":306,"column":8},"skip":true},{"start":{"line":306,"column":8},"end":{"line":306,"column":8},"skip":true}]},"26":{"line":310,"type":"if","locations":[{"start":{"line":310,"column":8},"end":{"line":310,"column":8},"skip":true},{"start":{"line":310,"column":8},"end":{"line":310,"column":8},"skip":true}]},"27":{"line":313,"type":"binary-expr","locations":[{"start":{"line":313,"column":27},"end":{"line":313,"column":43},"skip":true},{"start":{"line":313,"column":47},"end":{"line":313,"column":53},"skip":true}]},"28":{"line":317,"type":"if","locations":[{"start":{"line":317,"column":12},"end":{"line":317,"column":12},"skip":true},{"start":{"line":317,"column":12},"end":{"line":317,"column":12},"skip":true}]}},"code":["/*","example.js","","quickstart example","","instruction","    1. save this script as example.js","    2. run the shell command:","        $ npm install npmtest-node-red-contrib-gpio && PORT=8081 node example.js","    3. play with the browser-demo on http://127.0.0.1:8081","*/","","","","/* istanbul instrument in package npmtest_node_red_contrib_gpio */","/*jslint","    bitwise: true,","    browser: true,","    maxerr: 8,","    maxlen: 96,","    node: true,","    nomen: true,","    regexp: true,","    stupid: true","*/","(function () {","    'use strict';","    var local;","","","","    // run shared js-env code - pre-init","    (function () {","        // init local","        local = {};","        // init modeJs","        local.modeJs = (function () {","            try {","                return typeof navigator.userAgent === 'string' &&","                    typeof document.querySelector('body') === 'object' &&","                    typeof XMLHttpRequest.prototype.open === 'function' &&","                    'browser';","            } catch (errorCaughtBrowser) {","                return module.exports &&","                    typeof process.versions.node === 'string' &&","                    typeof require('http').createServer === 'function' &&","                    'node';","            }","        }());","        // init global","        local.global = local.modeJs === 'browser'","            ? window","            : global;","        // init utility2_rollup","        local = local.global.utility2_rollup || (local.modeJs === 'browser'","            ? local.global.utility2_npmtest_node_red_contrib_gpio","            : global.utility2_moduleExports);","        // export local","        local.global.local = local;","    }());","    switch (local.modeJs) {","","","","    // post-init","    // run browser js-env code - post-init","    /* istanbul ignore next */","    case 'browser':","        local.testRunBrowser = function (event) {","            if (!event || (event &&","                    event.currentTarget &&","                    event.currentTarget.className &&","                    event.currentTarget.className.includes &&","                    event.currentTarget.className.includes('onreset'))) {","                // reset output","                Array.from(","                    document.querySelectorAll('body > .resettable')","                ).forEach(function (element) {","                    switch (element.tagName) {","                    case 'INPUT':","                    case 'TEXTAREA':","                        element.value = '';","                        break;","                    default:","                        element.textContent = '';","                    }","                });","            }","            switch (event && event.currentTarget && event.currentTarget.id) {","            case 'testRunButton1':","                // show tests","                if (document.querySelector('#testReportDiv1').style.display === 'none') {","                    document.querySelector('#testReportDiv1').style.display = 'block';","                    document.querySelector('#testRunButton1').textContent =","                        'hide internal test';","                    local.modeTest = true;","                    local.testRunDefault(local);","                // hide tests","                } else {","                    document.querySelector('#testReportDiv1').style.display = 'none';","                    document.querySelector('#testRunButton1').textContent = 'run internal test';","                }","                break;","            // custom-case","            default:","                break;","            }","            if (document.querySelector('#inputTextareaEval1') && (!event || (event &&","                    event.currentTarget &&","                    event.currentTarget.className &&","                    event.currentTarget.className.includes &&","                    event.currentTarget.className.includes('oneval')))) {","                // try to eval input-code","                try {","                    /*jslint evil: true*/","                    eval(document.querySelector('#inputTextareaEval1').value);","                } catch (errorCaught) {","                    console.error(errorCaught);","                }","            }","        };","        // log stderr and stdout to #outputTextareaStdout1","        ['error', 'log'].forEach(function (key) {","            console[key + '_original'] = console[key];","            console[key] = function () {","                var element;","                console[key + '_original'].apply(console, arguments);","                element = document.querySelector('#outputTextareaStdout1');","                if (!element) {","                    return;","                }","                // append text to #outputTextareaStdout1","                element.value += Array.from(arguments).map(function (arg) {","                    return typeof arg === 'string'","                        ? arg","                        : JSON.stringify(arg, null, 4);","                }).join(' ') + '\\n';","                // scroll textarea to bottom","                element.scrollTop = element.scrollHeight;","            };","        });","        // init event-handling","        ['change', 'click', 'keyup'].forEach(function (event) {","            Array.from(document.querySelectorAll('.on' + event)).forEach(function (element) {","                element.addEventListener(event, local.testRunBrowser);","            });","        });","        // run tests","        local.testRunBrowser();","        break;","","","","    // run node js-env code - post-init","    /* istanbul ignore next */","    case 'node':","        // export local","        module.exports = local;","        // require modules","        local.fs = require('fs');","        local.http = require('http');","        local.url = require('url');","        // init assets","        local.assetsDict = local.assetsDict || {};","        /* jslint-ignore-begin */","        local.assetsDict['/assets.index.template.html'] = '\\","<!doctype html>\\n\\","<html lang=\"en\">\\n\\","<head>\\n\\","<meta charset=\"UTF-8\">\\n\\","<meta name=\"viewport\" content=\"width=device-width, initial-scale=1\">\\n\\","<title>{{env.npm_package_name}} (v{{env.npm_package_version}})</title>\\n\\","<style>\\n\\","/*csslint\\n\\","    box-sizing: false,\\n\\","    universal-selector: false\\n\\","*/\\n\\","* {\\n\\","    box-sizing: border-box;\\n\\","}\\n\\","body {\\n\\","    background: #dde;\\n\\","    font-family: Arial, Helvetica, sans-serif;\\n\\","    margin: 2rem;\\n\\","}\\n\\","body > * {\\n\\","    margin-bottom: 1rem;\\n\\","}\\n\\",".utility2FooterDiv {\\n\\","    margin-top: 20px;\\n\\","    text-align: center;\\n\\","}\\n\\","</style>\\n\\","<style>\\n\\","/*csslint\\n\\","*/\\n\\","textarea {\\n\\","    font-family: monospace;\\n\\","    height: 10rem;\\n\\","    width: 100%;\\n\\","}\\n\\","textarea[readonly] {\\n\\","    background: #ddd;\\n\\","}\\n\\","</style>\\n\\","</head>\\n\\","<body>\\n\\","<!-- utility2-comment\\n\\","<div id=\"ajaxProgressDiv1\" style=\"background: #d00; height: 2px; left: 0; margin: 0; padding: 0; position: fixed; top: 0; transition: background 0.5s, width 1.5s; width: 25%;\"></div>\\n\\","utility2-comment -->\\n\\","<h1>\\n\\","<!-- utility2-comment\\n\\","    <a\\n\\","        {{#if env.npm_package_homepage}}\\n\\","        href=\"{{env.npm_package_homepage}}\"\\n\\","        {{/if env.npm_package_homepage}}\\n\\","        target=\"_blank\"\\n\\","    >\\n\\","utility2-comment -->\\n\\","        {{env.npm_package_name}} (v{{env.npm_package_version}})\\n\\","<!-- utility2-comment\\n\\","    </a>\\n\\","utility2-comment -->\\n\\","</h1>\\n\\","<h3>{{env.npm_package_description}}</h3>\\n\\","<!-- utility2-comment\\n\\","<h4><a download href=\"assets.app.js\">download standalone app</a></h4>\\n\\","<button class=\"onclick onreset\" id=\"testRunButton1\">run internal test</button><br>\\n\\","<div id=\"testReportDiv1\" style=\"display: none;\"></div>\\n\\","utility2-comment -->\\n\\","\\n\\","\\n\\","\\n\\","<label>stderr and stdout</label>\\n\\","<textarea class=\"resettable\" id=\"outputTextareaStdout1\" readonly></textarea>\\n\\","<!-- utility2-comment\\n\\","{{#if isRollup}}\\n\\","<script src=\"assets.app.js\"></script>\\n\\","{{#unless isRollup}}\\n\\","utility2-comment -->\\n\\","<script src=\"assets.utility2.rollup.js\"></script>\\n\\","<script src=\"jsonp.utility2._stateInit?callback=window.utility2._stateInit\"></script>\\n\\","<script src=\"assets.npmtest_node_red_contrib_gpio.rollup.js\"></script>\\n\\","<script src=\"assets.example.js\"></script>\\n\\","<script src=\"assets.test.js\"></script>\\n\\","<!-- utility2-comment\\n\\","{{/if isRollup}}\\n\\","utility2-comment -->\\n\\","<div class=\"utility2FooterDiv\">\\n\\","    [ this app was created with\\n\\","    <a href=\"https://github.com/kaizhu256/node-utility2\" target=\"_blank\">utility2</a>\\n\\","    ]\\n\\","</div>\\n\\","</body>\\n\\","</html>\\n\\","';","        /* jslint-ignore-end */","        if (local.templateRender) {","            local.assetsDict['/'] = local.templateRender(","                local.assetsDict['/assets.index.template.html'],","                {","                    env: local.objectSetDefault(local.env, {","                        npm_package_description: 'the greatest app in the world!',","                        npm_package_name: 'my-app',","                        npm_package_nameAlias: 'my_app',","                        npm_package_version: '0.0.1'","                    })","                }","            );","        } else {","            local.assetsDict['/'] = local.assetsDict['/assets.index.template.html']","                .replace((/\\{\\{env\\.(\\w+?)\\}\\}/g), function (match0, match1) {","                    // jslint-hack","                    String(match0);","                    switch (match1) {","                    case 'npm_package_description':","                        return 'the greatest app in the world!';","                    case 'npm_package_name':","                        return 'my-app';","                    case 'npm_package_nameAlias':","                        return 'my_app';","                    case 'npm_package_version':","                        return '0.0.1';","                    }","                });","        }","        // run the cli","        if (local.global.utility2_rollup || module !== require.main) {","            break;","        }","        local.assetsDict['/assets.example.js'] =","            local.assetsDict['/assets.example.js'] ||","            local.fs.readFileSync(__filename, 'utf8');","        // bug-workaround - long $npm_package_buildCustomOrg","        /* jslint-ignore-begin */","        local.assetsDict['/assets.npmtest_node_red_contrib_gpio.rollup.js'] =","            local.assetsDict['/assets.npmtest_node_red_contrib_gpio.rollup.js'] ||","            local.fs.readFileSync(","                local.npmtest_node_red_contrib_gpio.__dirname + '/lib.npmtest_node_red_contrib_gpio.js',","                'utf8'","            ).replace((/^#!/), '//');","        /* jslint-ignore-end */","        local.assetsDict['/favicon.ico'] = local.assetsDict['/favicon.ico'] || '';","        // if $npm_config_timeout_exit exists,","        // then exit this process after $npm_config_timeout_exit ms","        if (Number(process.env.npm_config_timeout_exit)) {","            setTimeout(process.exit, Number(process.env.npm_config_timeout_exit));","        }","        // start server","        if (local.global.utility2_serverHttp1) {","            break;","        }","        process.env.PORT = process.env.PORT || '8081';","        console.error('server starting on port ' + process.env.PORT);","        local.http.createServer(function (request, response) {","            request.urlParsed = local.url.parse(request.url);","            if (local.assetsDict[request.urlParsed.pathname] !== undefined) {","                response.end(local.assetsDict[request.urlParsed.pathname]);","                return;","            }","            response.statusCode = 404;","            response.end();","        }).listen(process.env.PORT);","        break;","    }","}());",""],"l":{"26":2,"28":2,"33":2,"35":2,"37":2,"38":2,"39":2,"44":1,"51":2,"55":2,"59":2,"61":2,"69":1,"70":2,"76":2,"79":2,"82":2,"83":2,"85":1,"89":2,"92":1,"93":1,"94":1,"96":1,"97":1,"100":1,"101":1,"103":1,"106":1,"108":2,"114":1,"116":1,"118":1,"123":1,"124":2,"125":2,"126":3,"127":3,"128":3,"129":3,"130":1,"133":3,"134":3,"139":3,"143":1,"144":3,"145":1,"149":1,"150":1,"158":1,"160":1,"161":1,"162":1,"164":1,"166":1,"258":1,"259":1,"271":1,"274":6,"275":6,"277":1,"279":2,"281":1,"283":2,"288":1,"289":1,"291":1,"296":1,"303":1,"306":1,"307":1,"310":1,"311":1,"313":1,"314":1,"315":1,"316":1,"317":1,"318":1,"319":1,"321":1,"322":1,"324":1}},"/home/travis/build/npmtest/node-npmtest-node-red-contrib-gpio/node_modules/node-red-contrib-gpio/gpio.js":{"path":"/home/travis/build/npmtest/node-npmtest-node-red-contrib-gpio/node_modules/node-red-contrib-gpio/gpio.js","s":{"1":1,"2":1,"3":1,"4":1,"5":1,"6":1,"7":1,"8":0,"9":1,"10":0,"11":1,"12":0,"13":1,"14":0,"15":0,"16":1,"17":0,"18":1,"19":0,"20":1,"21":0,"22":0,"23":0,"24":0,"25":0,"26":0,"27":0,"28":0,"29":0,"30":0,"31":0,"32":0,"33":0,"34":0,"35":0,"36":0,"37":0,"38":0,"39":0,"40":0,"41":0,"42":0,"43":0,"44":0,"45":0,"46":0,"47":0,"48":0,"49":0,"50":0,"51":0,"52":0,"53":0,"54":0,"55":0,"56":0,"57":1,"58":0,"59":0,"60":0,"61":0,"62":0,"63":0,"64":0,"65":0,"66":0,"67":0,"68":0,"69":0,"70":0,"71":0,"72":0,"73":0,"74":0,"75":0,"76":0,"77":0,"78":0,"79":0,"80":0,"81":0,"82":0,"83":0,"84":0,"85":0,"86":0,"87":0,"88":0,"89":0,"90":0,"91":0,"92":0,"93":0,"94":0,"95":0,"96":0,"97":0,"98":0,"99":0,"100":0,"101":0,"102":0,"103":0,"104":0,"105":0,"106":0,"107":0,"108":0,"109":0,"110":0,"111":0,"112":0,"113":0,"114":0,"115":0,"116":0,"117":0,"118":0,"119":0,"120":0,"121":0,"122":0,"123":0,"124":0,"125":0,"126":0,"127":1,"128":0,"129":0,"130":0,"131":0,"132":1,"133":0,"134":0,"135":0,"136":0,"137":0,"138":0,"139":0,"140":0,"141":1,"142":0,"143":0,"144":0,"145":0,"146":0,"147":0,"148":0,"149":0,"150":0,"151":1,"152":0,"153":0,"154":0,"155":0,"156":0,"157":0,"158":0,"159":0,"160":0,"161":0,"162":0,"163":0,"164":0,"165":0,"166":0,"167":0,"168":0,"169":0,"170":0,"171":0,"172":0,"173":0,"174":0,"175":0,"176":0,"177":0,"178":0,"179":0,"180":0,"181":0,"182":0,"183":0,"184":0,"185":0,"186":0,"187":0,"188":0,"189":0,"190":0,"191":0,"192":0,"193":0,"194":0,"195":0,"196":0,"197":0,"198":0,"199":0,"200":0,"201":0,"202":0,"203":0,"204":0,"205":0,"206":0,"207":0,"208":0,"209":0,"210":0,"211":0,"212":0,"213":0,"214":0,"215":0,"216":0,"217":0,"218":1},"b":{"1":[0,0],"2":[0,0],"3":[0,0],"4":[0,0],"5":[0,0],"6":[0,0],"7":[0,0],"8":[0,0,0],"9":[0,0],"10":[0,0,0],"11":[0,0],"12":[0,0],"13":[0,0],"14":[0,0],"15":[0,0],"16":[0,0],"17":[0,0],"18":[0,0],"19":[0,0],"20":[0,0],"21":[0,0,0],"22":[0,0],"23":[0,0],"24":[0,0],"25":[0,0],"26":[0,0],"27":[0,0,0],"28":[0,0],"29":[0,0],"30":[0,0],"31":[0,0],"32":[0,0],"33":[0,0],"34":[0,0],"35":[0,0],"36":[0,0],"37":[0,0],"38":[0,0],"39":[0,0],"40":[0,0],"41":[0,0],"42":[0,0],"43":[0,0],"44":[0,0]},"f":{"1":0,"2":0,"3":0,"4":0,"5":0,"6":0,"7":0,"8":0,"9":0,"10":0,"11":0,"12":0,"13":0,"14":0,"15":0,"16":0,"17":0,"18":0,"19":0,"20":0,"21":0,"22":0,"23":0,"24":0,"25":0,"26":0,"27":0,"28":0,"29":0,"30":0,"31":0,"32":0,"33":0,"34":0,"35":0,"36":0,"37":0,"38":0,"39":0,"40":0,"41":0,"42":0,"43":0,"44":0,"45":0,"46":0,"47":0,"48":0,"49":0},"fnMap":{"1":{"name":"connectingStatus","line":24,"loc":{"start":{"line":24,"column":0},"end":{"line":24,"column":28}}},"2":{"name":"networkReadyStatus","line":28,"loc":{"start":{"line":28,"column":0},"end":{"line":28,"column":30}}},"3":{"name":"networkErrorStatus","line":32,"loc":{"start":{"line":32,"column":0},"end":{"line":32,"column":30}}},"4":{"name":"ioErrorStatus","line":36,"loc":{"start":{"line":36,"column":0},"end":{"line":36,"column":30}}},"5":{"name":"connectedStatus","line":41,"loc":{"start":{"line":41,"column":0},"end":{"line":41,"column":27}}},"6":{"name":"init","line":46,"loc":{"start":{"line":46,"column":0},"end":{"line":46,"column":19}}},"7":{"name":"gpioInNode","line":50,"loc":{"start":{"line":50,"column":2},"end":{"line":50,"column":25}}},"8":{"name":"(anonymous_8)","line":61,"loc":{"start":{"line":61,"column":33},"end":{"line":61,"column":44}}},"9":{"name":"(anonymous_9)","line":69,"loc":{"start":{"line":69,"column":34},"end":{"line":69,"column":49}}},"10":{"name":"(anonymous_10)","line":76,"loc":{"start":{"line":76,"column":37},"end":{"line":76,"column":52}}},"11":{"name":"(anonymous_11)","line":82,"loc":{"start":{"line":82,"column":38},"end":{"line":82,"column":48}}},"12":{"name":"(anonymous_12)","line":85,"loc":{"start":{"line":85,"column":38},"end":{"line":85,"column":48}}},"13":{"name":"(anonymous_13)","line":88,"loc":{"start":{"line":88,"column":33},"end":{"line":88,"column":46}}},"14":{"name":"gpioOutNode","line":98,"loc":{"start":{"line":98,"column":2},"end":{"line":98,"column":26}}},"15":{"name":"(anonymous_15)","line":111,"loc":{"start":{"line":111,"column":35},"end":{"line":111,"column":46}}},"16":{"name":"(anonymous_16)","line":115,"loc":{"start":{"line":115,"column":29},"end":{"line":115,"column":43}}},"17":{"name":"(anonymous_17)","line":150,"loc":{"start":{"line":150,"column":69},"end":{"line":150,"column":83}}},"18":{"name":"(anonymous_18)","line":159,"loc":{"start":{"line":159,"column":59},"end":{"line":159,"column":73}}},"19":{"name":"(anonymous_19)","line":193,"loc":{"start":{"line":193,"column":40},"end":{"line":193,"column":50}}},"20":{"name":"(anonymous_20)","line":196,"loc":{"start":{"line":196,"column":40},"end":{"line":196,"column":50}}},"21":{"name":"(anonymous_21)","line":199,"loc":{"start":{"line":199,"column":35},"end":{"line":199,"column":48}}},"22":{"name":"handleRoute","line":211,"loc":{"start":{"line":211,"column":2},"end":{"line":211,"column":41}}},"23":{"name":"(anonymous_23)","line":213,"loc":{"start":{"line":213,"column":12},"end":{"line":213,"column":26}}},"24":{"name":"(anonymous_24)","line":215,"loc":{"start":{"line":215,"column":9},"end":{"line":215,"column":22}}},"25":{"name":"listArduinoPorts","line":221,"loc":{"start":{"line":221,"column":2},"end":{"line":221,"column":38}}},"26":{"name":"(anonymous_26)","line":222,"loc":{"start":{"line":222,"column":29},"end":{"line":222,"column":50}}},"27":{"name":"johnny5Node","line":237,"loc":{"start":{"line":237,"column":2},"end":{"line":237,"column":26}}},"28":{"name":"(anonymous_28)","line":247,"loc":{"start":{"line":247,"column":25},"end":{"line":247,"column":35}}},"29":{"name":"(anonymous_29)","line":252,"loc":{"start":{"line":252,"column":35},"end":{"line":252,"column":46}}},"30":{"name":"sendResults","line":256,"loc":{"start":{"line":256,"column":12},"end":{"line":256,"column":44}}},"31":{"name":"(anonymous_31)","line":300,"loc":{"start":{"line":300,"column":25},"end":{"line":300,"column":36}}},"32":{"name":"(anonymous_32)","line":303,"loc":{"start":{"line":303,"column":27},"end":{"line":303,"column":38}}},"33":{"name":"(anonymous_33)","line":306,"loc":{"start":{"line":306,"column":26},"end":{"line":306,"column":37}}},"34":{"name":"(anonymous_34)","line":309,"loc":{"start":{"line":309,"column":26},"end":{"line":309,"column":41}}},"35":{"name":"(anonymous_35)","line":312,"loc":{"start":{"line":312,"column":24},"end":{"line":312,"column":35}}},"36":{"name":"(anonymous_36)","line":315,"loc":{"start":{"line":315,"column":28},"end":{"line":315,"column":39}}},"37":{"name":"(anonymous_37)","line":320,"loc":{"start":{"line":320,"column":25},"end":{"line":320,"column":37}}},"38":{"name":"(anonymous_38)","line":323,"loc":{"start":{"line":323,"column":25},"end":{"line":323,"column":37}}},"39":{"name":"(anonymous_39)","line":326,"loc":{"start":{"line":326,"column":30},"end":{"line":326,"column":33}}},"40":{"name":"(anonymous_40)","line":329,"loc":{"start":{"line":329,"column":28},"end":{"line":329,"column":31}}},"41":{"name":"(anonymous_41)","line":334,"loc":{"start":{"line":334,"column":25},"end":{"line":334,"column":37}}},"42":{"name":"(anonymous_42)","line":337,"loc":{"start":{"line":337,"column":25},"end":{"line":337,"column":37}}},"43":{"name":"(anonymous_43)","line":342,"loc":{"start":{"line":342,"column":25},"end":{"line":342,"column":37}}},"44":{"name":"(anonymous_44)","line":345,"loc":{"start":{"line":345,"column":25},"end":{"line":345,"column":37}}},"45":{"name":"(anonymous_45)","line":405,"loc":{"start":{"line":405,"column":40},"end":{"line":405,"column":50}}},"46":{"name":"(anonymous_46)","line":408,"loc":{"start":{"line":408,"column":40},"end":{"line":408,"column":50}}},"47":{"name":"(anonymous_47)","line":411,"loc":{"start":{"line":411,"column":35},"end":{"line":411,"column":48}}},"48":{"name":"(anonymous_48)","line":425,"loc":{"start":{"line":425,"column":82},"end":{"line":425,"column":100}}},"49":{"name":"(anonymous_49)","line":426,"loc":{"start":{"line":426,"column":22},"end":{"line":426,"column":44}}}},"statementMap":{"1":{"start":{"line":16,"column":0},"end":{"line":16,"column":39}},"2":{"start":{"line":17,"column":0},"end":{"line":17,"column":53}},"3":{"start":{"line":19,"column":0},"end":{"line":19,"column":34}},"4":{"start":{"line":20,"column":0},"end":{"line":20,"column":23}},"5":{"start":{"line":21,"column":0},"end":{"line":21,"column":27}},"6":{"start":{"line":22,"column":0},"end":{"line":22,"column":26}},"7":{"start":{"line":24,"column":0},"end":{"line":26,"column":1}},"8":{"start":{"line":25,"column":2},"end":{"line":25,"column":61}},"9":{"start":{"line":28,"column":0},"end":{"line":30,"column":1}},"10":{"start":{"line":29,"column":2},"end":{"line":29,"column":62}},"11":{"start":{"line":32,"column":0},"end":{"line":34,"column":1}},"12":{"start":{"line":33,"column":2},"end":{"line":33,"column":57}},"13":{"start":{"line":36,"column":0},"end":{"line":39,"column":1}},"14":{"start":{"line":37,"column":2},"end":{"line":37,"column":50}},"15":{"start":{"line":38,"column":2},"end":{"line":38,"column":14}},"16":{"start":{"line":41,"column":0},"end":{"line":43,"column":1}},"17":{"start":{"line":42,"column":2},"end":{"line":42,"column":62}},"18":{"start":{"line":46,"column":0},"end":{"line":431,"column":1}},"19":{"start":{"line":48,"column":2},"end":{"line":48,"column":25}},"20":{"start":{"line":50,"column":2},"end":{"line":95,"column":3}},"21":{"start":{"line":51,"column":4},"end":{"line":51,"column":33}},"22":{"start":{"line":52,"column":4},"end":{"line":52,"column":26}},"23":{"start":{"line":53,"column":4},"end":{"line":53,"column":21}},"24":{"start":{"line":54,"column":4},"end":{"line":54,"column":25}},"25":{"start":{"line":55,"column":4},"end":{"line":55,"column":46}},"26":{"start":{"line":56,"column":4},"end":{"line":94,"column":5}},"27":{"start":{"line":58,"column":6},"end":{"line":58,"column":22}},"28":{"start":{"line":59,"column":6},"end":{"line":59,"column":29}},"29":{"start":{"line":61,"column":6},"end":{"line":81,"column":9}},"30":{"start":{"line":62,"column":8},"end":{"line":62,"column":33}},"31":{"start":{"line":64,"column":8},"end":{"line":64,"column":30}},"32":{"start":{"line":65,"column":8},"end":{"line":80,"column":9}},"33":{"start":{"line":66,"column":10},"end":{"line":66,"column":73}},"34":{"start":{"line":67,"column":10},"end":{"line":67,"column":87}},"35":{"start":{"line":67,"column":14},"end":{"line":67,"column":55}},"36":{"start":{"line":67,"column":68},"end":{"line":67,"column":85}},"37":{"start":{"line":68,"column":10},"end":{"line":68,"column":84}},"38":{"start":{"line":68,"column":14},"end":{"line":68,"column":52}},"39":{"start":{"line":68,"column":65},"end":{"line":68,"column":82}},"40":{"start":{"line":69,"column":10},"end":{"line":72,"column":13}},"41":{"start":{"line":70,"column":12},"end":{"line":70,"column":53}},"42":{"start":{"line":71,"column":12},"end":{"line":71,"column":27}},"43":{"start":{"line":75,"column":10},"end":{"line":75,"column":83}},"44":{"start":{"line":75,"column":14},"end":{"line":75,"column":51}},"45":{"start":{"line":75,"column":64},"end":{"line":75,"column":81}},"46":{"start":{"line":76,"column":12},"end":{"line":79,"column":13}},"47":{"start":{"line":77,"column":12},"end":{"line":77,"column":53}},"48":{"start":{"line":78,"column":12},"end":{"line":78,"column":27}},"49":{"start":{"line":82,"column":6},"end":{"line":84,"column":9}},"50":{"start":{"line":83,"column":8},"end":{"line":83,"column":33}},"51":{"start":{"line":85,"column":6},"end":{"line":87,"column":9}},"52":{"start":{"line":86,"column":8},"end":{"line":86,"column":33}},"53":{"start":{"line":88,"column":6},"end":{"line":90,"column":9}},"54":{"start":{"line":89,"column":8},"end":{"line":89,"column":33}},"55":{"start":{"line":93,"column":6},"end":{"line":93,"column":42}},"56":{"start":{"line":96,"column":2},"end":{"line":96,"column":47}},"57":{"start":{"line":98,"column":2},"end":{"line":207,"column":3}},"58":{"start":{"line":99,"column":4},"end":{"line":99,"column":33}},"59":{"start":{"line":100,"column":4},"end":{"line":100,"column":26}},"60":{"start":{"line":101,"column":4},"end":{"line":101,"column":21}},"61":{"start":{"line":102,"column":4},"end":{"line":102,"column":25}},"62":{"start":{"line":103,"column":4},"end":{"line":103,"column":29}},"63":{"start":{"line":104,"column":4},"end":{"line":104,"column":46}},"64":{"start":{"line":105,"column":4},"end":{"line":105,"column":49}},"65":{"start":{"line":106,"column":4},"end":{"line":106,"column":51}},"66":{"start":{"line":107,"column":4},"end":{"line":205,"column":5}},"67":{"start":{"line":108,"column":8},"end":{"line":108,"column":24}},"68":{"start":{"line":109,"column":8},"end":{"line":109,"column":31}},"69":{"start":{"line":111,"column":8},"end":{"line":192,"column":11}},"70":{"start":{"line":113,"column":12},"end":{"line":113,"column":34}},"71":{"start":{"line":115,"column":12},"end":{"line":191,"column":15}},"72":{"start":{"line":116,"column":14},"end":{"line":190,"column":15}},"73":{"start":{"line":117,"column":16},"end":{"line":117,"column":52}},"74":{"start":{"line":118,"column":16},"end":{"line":118,"column":41}},"75":{"start":{"line":119,"column":16},"end":{"line":186,"column":17}},"76":{"start":{"line":120,"column":18},"end":{"line":120,"column":92}},"77":{"start":{"line":120,"column":22},"end":{"line":120,"column":60}},"78":{"start":{"line":120,"column":73},"end":{"line":120,"column":90}},"79":{"start":{"line":121,"column":18},"end":{"line":123,"column":19}},"80":{"start":{"line":122,"column":22},"end":{"line":122,"column":51}},"81":{"start":{"line":124,"column":18},"end":{"line":126,"column":19}},"82":{"start":{"line":125,"column":22},"end":{"line":125,"column":51}},"83":{"start":{"line":128,"column":21},"end":{"line":186,"column":17}},"84":{"start":{"line":129,"column":18},"end":{"line":129,"column":92}},"85":{"start":{"line":129,"column":22},"end":{"line":129,"column":60}},"86":{"start":{"line":129,"column":73},"end":{"line":129,"column":90}},"87":{"start":{"line":130,"column":18},"end":{"line":130,"column":48}},"88":{"start":{"line":131,"column":18},"end":{"line":134,"column":19}},"89":{"start":{"line":133,"column":22},"end":{"line":133,"column":60}},"90":{"start":{"line":136,"column":21},"end":{"line":186,"column":17}},"91":{"start":{"line":137,"column":18},"end":{"line":137,"column":92}},"92":{"start":{"line":137,"column":22},"end":{"line":137,"column":60}},"93":{"start":{"line":137,"column":73},"end":{"line":137,"column":90}},"94":{"start":{"line":138,"column":18},"end":{"line":138,"column":48}},"95":{"start":{"line":139,"column":18},"end":{"line":142,"column":19}},"96":{"start":{"line":141,"column":22},"end":{"line":141,"column":59}},"97":{"start":{"line":144,"column":21},"end":{"line":186,"column":17}},"98":{"start":{"line":145,"column":18},"end":{"line":145,"column":97}},"99":{"start":{"line":146,"column":18},"end":{"line":146,"column":97}},"100":{"start":{"line":147,"column":18},"end":{"line":147,"column":59}},"101":{"start":{"line":148,"column":18},"end":{"line":167,"column":19}},"102":{"start":{"line":149,"column":20},"end":{"line":166,"column":21}},"103":{"start":{"line":150,"column":22},"end":{"line":157,"column":25}},"104":{"start":{"line":151,"column":24},"end":{"line":156,"column":27}},"105":{"start":{"line":159,"column":22},"end":{"line":165,"column":25}},"106":{"start":{"line":160,"column":24},"end":{"line":164,"column":27}},"107":{"start":{"line":169,"column":21},"end":{"line":186,"column":17}},"108":{"start":{"line":170,"column":18},"end":{"line":170,"column":97}},"109":{"start":{"line":171,"column":18},"end":{"line":171,"column":97}},"110":{"start":{"line":172,"column":18},"end":{"line":178,"column":19}},"111":{"start":{"line":173,"column":20},"end":{"line":177,"column":21}},"112":{"start":{"line":174,"column":22},"end":{"line":174,"column":69}},"113":{"start":{"line":176,"column":22},"end":{"line":176,"column":59}},"114":{"start":{"line":180,"column":21},"end":{"line":186,"column":17}},"115":{"start":{"line":181,"column":18},"end":{"line":185,"column":19}},"116":{"start":{"line":182,"column":20},"end":{"line":184,"column":21}},"117":{"start":{"line":183,"column":22},"end":{"line":183,"column":62}},"118":{"start":{"line":189,"column":16},"end":{"line":189,"column":36}},"119":{"start":{"line":193,"column":8},"end":{"line":195,"column":11}},"120":{"start":{"line":194,"column":10},"end":{"line":194,"column":35}},"121":{"start":{"line":196,"column":8},"end":{"line":198,"column":11}},"122":{"start":{"line":197,"column":10},"end":{"line":197,"column":35}},"123":{"start":{"line":199,"column":8},"end":{"line":201,"column":11}},"124":{"start":{"line":200,"column":10},"end":{"line":200,"column":35}},"125":{"start":{"line":204,"column":8},"end":{"line":204,"column":44}},"126":{"start":{"line":209,"column":2},"end":{"line":209,"column":49}},"127":{"start":{"line":211,"column":2},"end":{"line":219,"column":3}},"128":{"start":{"line":212,"column":4},"end":{"line":218,"column":9}},"129":{"start":{"line":214,"column":8},"end":{"line":214,"column":23}},"130":{"start":{"line":216,"column":8},"end":{"line":216,"column":50}},"131":{"start":{"line":217,"column":8},"end":{"line":217,"column":22}},"132":{"start":{"line":221,"column":2},"end":{"line":234,"column":3}},"133":{"start":{"line":222,"column":6},"end":{"line":233,"column":9}},"134":{"start":{"line":223,"column":8},"end":{"line":225,"column":9}},"135":{"start":{"line":224,"column":10},"end":{"line":224,"column":31}},"136":{"start":{"line":226,"column":8},"end":{"line":226,"column":25}},"137":{"start":{"line":227,"column":8},"end":{"line":231,"column":9}},"138":{"start":{"line":228,"column":10},"end":{"line":230,"column":11}},"139":{"start":{"line":229,"column":12},"end":{"line":229,"column":43}},"140":{"start":{"line":232,"column":8},"end":{"line":232,"column":39}},"141":{"start":{"line":237,"column":2},"end":{"line":419,"column":3}},"142":{"start":{"line":238,"column":4},"end":{"line":238,"column":33}},"143":{"start":{"line":241,"column":4},"end":{"line":241,"column":46}},"144":{"start":{"line":242,"column":4},"end":{"line":242,"column":23}},"145":{"start":{"line":243,"column":4},"end":{"line":243,"column":20}},"146":{"start":{"line":246,"column":4},"end":{"line":417,"column":5}},"147":{"start":{"line":247,"column":8},"end":{"line":249,"column":11}},"148":{"start":{"line":248,"column":10},"end":{"line":248,"column":33}},"149":{"start":{"line":252,"column":8},"end":{"line":404,"column":11}},"150":{"start":{"line":254,"column":12},"end":{"line":254,"column":34}},"151":{"start":{"line":256,"column":12},"end":{"line":280,"column":13}},"152":{"start":{"line":257,"column":16},"end":{"line":257,"column":75}},"153":{"start":{"line":258,"column":16},"end":{"line":262,"column":17}},"154":{"start":{"line":259,"column":20},"end":{"line":259,"column":27}},"155":{"start":{"line":260,"column":23},"end":{"line":262,"column":17}},"156":{"start":{"line":261,"column":20},"end":{"line":261,"column":34}},"157":{"start":{"line":263,"column":16},"end":{"line":263,"column":33}},"158":{"start":{"line":264,"column":16},"end":{"line":276,"column":17}},"159":{"start":{"line":265,"column":20},"end":{"line":275,"column":21}},"160":{"start":{"line":266,"column":24},"end":{"line":274,"column":25}},"161":{"start":{"line":267,"column":28},"end":{"line":270,"column":29}},"162":{"start":{"line":268,"column":32},"end":{"line":268,"column":59}},"163":{"start":{"line":269,"column":32},"end":{"line":269,"column":43}},"164":{"start":{"line":272,"column":28},"end":{"line":272,"column":52}},"165":{"start":{"line":273,"column":28},"end":{"line":273,"column":39}},"166":{"start":{"line":277,"column":16},"end":{"line":279,"column":17}},"167":{"start":{"line":278,"column":20},"end":{"line":278,"column":36}},"168":{"start":{"line":282,"column":12},"end":{"line":293,"column":27}},"169":{"start":{"line":295,"column":12},"end":{"line":357,"column":14}},"170":{"start":{"line":301,"column":24},"end":{"line":301,"column":56}},"171":{"start":{"line":304,"column":24},"end":{"line":304,"column":58}},"172":{"start":{"line":307,"column":24},"end":{"line":307,"column":57}},"173":{"start":{"line":310,"column":24},"end":{"line":310,"column":48}},"174":{"start":{"line":313,"column":24},"end":{"line":313,"column":55}},"175":{"start":{"line":316,"column":24},"end":{"line":316,"column":59}},"176":{"start":{"line":321,"column":24},"end":{"line":321,"column":73}},"177":{"start":{"line":324,"column":24},"end":{"line":324,"column":73}},"178":{"start":{"line":327,"column":24},"end":{"line":327,"column":53}},"179":{"start":{"line":330,"column":24},"end":{"line":330,"column":51}},"180":{"start":{"line":335,"column":24},"end":{"line":335,"column":71}},"181":{"start":{"line":338,"column":24},"end":{"line":338,"column":78}},"182":{"start":{"line":343,"column":24},"end":{"line":343,"column":73}},"183":{"start":{"line":346,"column":24},"end":{"line":346,"column":80}},"184":{"start":{"line":358,"column":12},"end":{"line":358,"column":52}},"185":{"start":{"line":361,"column":12},"end":{"line":399,"column":11}},"186":{"start":{"line":362,"column":14},"end":{"line":362,"column":58}},"187":{"start":{"line":363,"column":14},"end":{"line":393,"column":15}},"188":{"start":{"line":364,"column":18},"end":{"line":364,"column":41}},"189":{"start":{"line":366,"column":18},"end":{"line":366,"column":52}},"190":{"start":{"line":371,"column":18},"end":{"line":371,"column":31}},"191":{"start":{"line":372,"column":18},"end":{"line":372,"column":35}},"192":{"start":{"line":373,"column":18},"end":{"line":373,"column":55}},"193":{"start":{"line":374,"column":18},"end":{"line":388,"column":19}},"194":{"start":{"line":375,"column":22},"end":{"line":377,"column":23}},"195":{"start":{"line":376,"column":26},"end":{"line":376,"column":33}},"196":{"start":{"line":379,"column":22},"end":{"line":387,"column":23}},"197":{"start":{"line":380,"column":26},"end":{"line":380,"column":53}},"198":{"start":{"line":381,"column":26},"end":{"line":381,"column":70}},"199":{"start":{"line":382,"column":26},"end":{"line":386,"column":27}},"200":{"start":{"line":383,"column":30},"end":{"line":383,"column":58}},"201":{"start":{"line":384,"column":30},"end":{"line":384,"column":45}},"202":{"start":{"line":385,"column":30},"end":{"line":385,"column":80}},"203":{"start":{"line":389,"column":18},"end":{"line":391,"column":19}},"204":{"start":{"line":390,"column":22},"end":{"line":390,"column":52}},"205":{"start":{"line":392,"column":18},"end":{"line":392,"column":43}},"206":{"start":{"line":398,"column":14},"end":{"line":398,"column":30}},"207":{"start":{"line":405,"column":8},"end":{"line":407,"column":11}},"208":{"start":{"line":406,"column":10},"end":{"line":406,"column":35}},"209":{"start":{"line":408,"column":8},"end":{"line":410,"column":11}},"210":{"start":{"line":409,"column":10},"end":{"line":409,"column":35}},"211":{"start":{"line":411,"column":8},"end":{"line":413,"column":11}},"212":{"start":{"line":412,"column":10},"end":{"line":412,"column":35}},"213":{"start":{"line":416,"column":8},"end":{"line":416,"column":44}},"214":{"start":{"line":421,"column":2},"end":{"line":421,"column":48}},"215":{"start":{"line":425,"column":2},"end":{"line":429,"column":5}},"216":{"start":{"line":426,"column":5},"end":{"line":428,"column":9}},"217":{"start":{"line":427,"column":10},"end":{"line":427,"column":26}},"218":{"start":{"line":433,"column":0},"end":{"line":433,"column":22}}},"branchMap":{"1":{"line":56,"type":"if","locations":[{"start":{"line":56,"column":4},"end":{"line":56,"column":4}},{"start":{"line":56,"column":4},"end":{"line":56,"column":4}}]},"2":{"line":65,"type":"if","locations":[{"start":{"line":65,"column":8},"end":{"line":65,"column":8}},{"start":{"line":65,"column":8},"end":{"line":65,"column":8}}]},"3":{"line":66,"type":"binary-expr","locations":[{"start":{"line":66,"column":33},"end":{"line":66,"column":65}},{"start":{"line":66,"column":69},"end":{"line":66,"column":72}}]},"4":{"line":107,"type":"if","locations":[{"start":{"line":107,"column":4},"end":{"line":107,"column":4}},{"start":{"line":107,"column":4},"end":{"line":107,"column":4}}]},"5":{"line":117,"type":"binary-expr","locations":[{"start":{"line":117,"column":28},"end":{"line":117,"column":37}},{"start":{"line":117,"column":41},"end":{"line":117,"column":51}}]},"6":{"line":119,"type":"if","locations":[{"start":{"line":119,"column":16},"end":{"line":119,"column":16}},{"start":{"line":119,"column":16},"end":{"line":119,"column":16}}]},"7":{"line":121,"type":"if","locations":[{"start":{"line":121,"column":18},"end":{"line":121,"column":18}},{"start":{"line":121,"column":18},"end":{"line":121,"column":18}}]},"8":{"line":121,"type":"binary-expr","locations":[{"start":{"line":121,"column":23},"end":{"line":121,"column":42}},{"start":{"line":121,"column":46},"end":{"line":121,"column":62}},{"start":{"line":121,"column":66},"end":{"line":121,"column":111}}]},"9":{"line":124,"type":"if","locations":[{"start":{"line":124,"column":18},"end":{"line":124,"column":18}},{"start":{"line":124,"column":18},"end":{"line":124,"column":18}}]},"10":{"line":124,"type":"binary-expr","locations":[{"start":{"line":124,"column":23},"end":{"line":124,"column":43}},{"start":{"line":124,"column":47},"end":{"line":124,"column":63}},{"start":{"line":124,"column":67},"end":{"line":124,"column":113}}]},"11":{"line":128,"type":"if","locations":[{"start":{"line":128,"column":21},"end":{"line":128,"column":21}},{"start":{"line":128,"column":21},"end":{"line":128,"column":21}}]},"12":{"line":131,"type":"if","locations":[{"start":{"line":131,"column":18},"end":{"line":131,"column":18}},{"start":{"line":131,"column":18},"end":{"line":131,"column":18}}]},"13":{"line":131,"type":"binary-expr","locations":[{"start":{"line":131,"column":23},"end":{"line":131,"column":39}},{"start":{"line":131,"column":45},"end":{"line":131,"column":63}}]},"14":{"line":136,"type":"if","locations":[{"start":{"line":136,"column":21},"end":{"line":136,"column":21}},{"start":{"line":136,"column":21},"end":{"line":136,"column":21}}]},"15":{"line":139,"type":"if","locations":[{"start":{"line":139,"column":18},"end":{"line":139,"column":18}},{"start":{"line":139,"column":18},"end":{"line":139,"column":18}}]},"16":{"line":139,"type":"binary-expr","locations":[{"start":{"line":139,"column":23},"end":{"line":139,"column":39}},{"start":{"line":139,"column":45},"end":{"line":139,"column":63}}]},"17":{"line":144,"type":"if","locations":[{"start":{"line":144,"column":21},"end":{"line":144,"column":21}},{"start":{"line":144,"column":21},"end":{"line":144,"column":21}}]},"18":{"line":145,"type":"binary-expr","locations":[{"start":{"line":145,"column":33},"end":{"line":145,"column":62}},{"start":{"line":145,"column":66},"end":{"line":145,"column":96}}]},"19":{"line":146,"type":"binary-expr","locations":[{"start":{"line":146,"column":35},"end":{"line":146,"column":63}},{"start":{"line":146,"column":67},"end":{"line":146,"column":96}}]},"20":{"line":148,"type":"if","locations":[{"start":{"line":148,"column":18},"end":{"line":148,"column":18}},{"start":{"line":148,"column":18},"end":{"line":148,"column":18}}]},"21":{"line":148,"type":"binary-expr","locations":[{"start":{"line":148,"column":21},"end":{"line":148,"column":35}},{"start":{"line":148,"column":39},"end":{"line":148,"column":49}},{"start":{"line":148,"column":53},"end":{"line":148,"column":61}}]},"22":{"line":149,"type":"if","locations":[{"start":{"line":149,"column":20},"end":{"line":149,"column":20}},{"start":{"line":149,"column":20},"end":{"line":149,"column":20}}]},"23":{"line":169,"type":"if","locations":[{"start":{"line":169,"column":21},"end":{"line":169,"column":21}},{"start":{"line":169,"column":21},"end":{"line":169,"column":21}}]},"24":{"line":170,"type":"binary-expr","locations":[{"start":{"line":170,"column":33},"end":{"line":170,"column":62}},{"start":{"line":170,"column":66},"end":{"line":170,"column":96}}]},"25":{"line":171,"type":"binary-expr","locations":[{"start":{"line":171,"column":35},"end":{"line":171,"column":63}},{"start":{"line":171,"column":67},"end":{"line":171,"column":96}}]},"26":{"line":172,"type":"if","locations":[{"start":{"line":172,"column":18},"end":{"line":172,"column":18}},{"start":{"line":172,"column":18},"end":{"line":172,"column":18}}]},"27":{"line":172,"type":"binary-expr","locations":[{"start":{"line":172,"column":21},"end":{"line":172,"column":32}},{"start":{"line":172,"column":36},"end":{"line":172,"column":46}},{"start":{"line":172,"column":50},"end":{"line":172,"column":61}}]},"28":{"line":173,"type":"if","locations":[{"start":{"line":173,"column":20},"end":{"line":173,"column":20}},{"start":{"line":173,"column":20},"end":{"line":173,"column":20}}]},"29":{"line":180,"type":"if","locations":[{"start":{"line":180,"column":21},"end":{"line":180,"column":21}},{"start":{"line":180,"column":21},"end":{"line":180,"column":21}}]},"30":{"line":181,"type":"if","locations":[{"start":{"line":181,"column":18},"end":{"line":181,"column":18}},{"start":{"line":181,"column":18},"end":{"line":181,"column":18}}]},"31":{"line":182,"type":"if","locations":[{"start":{"line":182,"column":20},"end":{"line":182,"column":20}},{"start":{"line":182,"column":20},"end":{"line":182,"column":20}}]},"32":{"line":223,"type":"if","locations":[{"start":{"line":223,"column":8},"end":{"line":223,"column":8}},{"start":{"line":223,"column":8},"end":{"line":223,"column":8}}]},"33":{"line":228,"type":"if","locations":[{"start":{"line":228,"column":10},"end":{"line":228,"column":10}},{"start":{"line":228,"column":10},
[...]
":74}},"155":{"start":{"line":283,"column":8},"end":{"line":285,"column":11}},"156":{"start":{"line":284,"column":10},"end":{"line":284,"column":36}},"157":{"start":{"line":288,"column":9},"end":{"line":311,"column":5}},"158":{"start":{"line":290,"column":6},"end":{"line":298,"column":7}},"159":{"start":{"line":291,"column":8},"end":{"line":291,"column":52}},"160":{"start":{"line":292,"column":8},"end":{"line":292,"column":20}},"161":{"start":{"line":294,"column":8},"end":{"line":294,"column":73}},"162":{"start":{"line":295,"column":8},"end":{"line":297,"column":11}},"163":{"start":{"line":296,"column":10},"end":{"line":296,"column":36}},"164":{"start":{"line":300,"column":9},"end":{"line":311,"column":5}},"165":{"start":{"line":302,"column":6},"end":{"line":310,"column":7}},"166":{"start":{"line":303,"column":8},"end":{"line":303,"column":78}},"167":{"start":{"line":304,"column":8},"end":{"line":304,"column":20}},"168":{"start":{"line":306,"column":8},"end":{"line":306,"column":75}},"169":{"start":{"line":307,"column":8},"end":{"line":309,"column":11}},"170":{"start":{"line":308,"column":10},"end":{"line":308,"column":36}},"171":{"start":{"line":313,"column":4},"end":{"line":317,"column":5}},"172":{"start":{"line":314,"column":6},"end":{"line":316,"column":9}},"173":{"start":{"line":315,"column":8},"end":{"line":315,"column":24}},"174":{"start":{"line":321,"column":2},"end":{"line":321,"column":49}},"175":{"start":{"line":323,"column":2},"end":{"line":323,"column":21}},"176":{"start":{"line":326,"column":0},"end":{"line":326,"column":28}}},"branchMap":{"1":{"line":23,"type":"if","locations":[{"start":{"line":23,"column":4},"end":{"line":23,"column":4}},{"start":{"line":23,"column":4},"end":{"line":23,"column":4}}]},"2":{"line":29,"type":"if","locations":[{"start":{"line":29,"column":8},"end":{"line":29,"column":8}},{"start":{"line":29,"column":8},"end":{"line":29,"column":8}}]},"3":{"line":38,"type":"if","locations":[{"start":{"line":38,"column":8},"end":{"line":38,"column":8}},{"start":{"line":38,"column":8},"end":{"line":38,"column":8}}]},"4":{"line":41,"type":"if","locations":[{"start":{"line":41,"column":10},"end":{"line":41,"column":10}},{"start":{"line":41,"column":10},"end":{"line":41,"column":10}}]},"5":{"line":50,"type":"if","locations":[{"start":{"line":50,"column":10},"end":{"line":50,"column":10}},{"start":{"line":50,"column":10},"end":{"line":50,"column":10}}]},"6":{"line":50,"type":"binary-expr","locations":[{"start":{"line":50,"column":13},"end":{"line":50,"column":20}},{"start":{"line":50,"column":24},"end":{"line":50,"column":37}}]},"7":{"line":53,"type":"if","locations":[{"start":{"line":53,"column":15},"end":{"line":53,"column":15}},{"start":{"line":53,"column":15},"end":{"line":53,"column":15}}]},"8":{"line":53,"type":"binary-expr","locations":[{"start":{"line":53,"column":18},"end":{"line":53,"column":25}},{"start":{"line":53,"column":29},"end":{"line":53,"column":39}}]},"9":{"line":54,"type":"if","locations":[{"start":{"line":54,"column":12},"end":{"line":54,"column":12}},{"start":{"line":54,"column":12},"end":{"line":54,"column":12}}]},"10":{"line":56,"type":"if","locations":[{"start":{"line":56,"column":18},"end":{"line":56,"column":18}},{"start":{"line":56,"column":18},"end":{"line":56,"column":18}}]},"11":{"line":61,"type":"if","locations":[{"start":{"line":61,"column":10},"end":{"line":61,"column":10}},{"start":{"line":61,"column":10},"end":{"line":61,"column":10}}]},"12":{"line":61,"type":"binary-expr","locations":[{"start":{"line":61,"column":13},"end":{"line":61,"column":24}},{"start":{"line":61,"column":28},"end":{"line":61,"column":44}}]},"13":{"line":64,"type":"if","locations":[{"start":{"line":64,"column":10},"end":{"line":64,"column":10}},{"start":{"line":64,"column":10},"end":{"line":64,"column":10}}]},"14":{"line":64,"type":"binary-expr","locations":[{"start":{"line":64,"column":13},"end":{"line":64,"column":24}},{"start":{"line":64,"column":28},"end":{"line":64,"column":45}}]},"15":{"line":74,"type":"if","locations":[{"start":{"line":74,"column":12},"end":{"line":74,"column":12}},{"start":{"line":74,"column":12},"end":{"line":74,"column":12}}]},"16":{"line":82,"type":"if","locations":[{"start":{"line":82,"column":14},"end":{"line":82,"column":14}},{"start":{"line":82,"column":14},"end":{"line":82,"column":14}}]},"17":{"line":85,"type":"if","locations":[{"start":{"line":85,"column":19},"end":{"line":85,"column":19}},{"start":{"line":85,"column":19},"end":{"line":85,"column":19}}]},"18":{"line":85,"type":"binary-expr","locations":[{"start":{"line":85,"column":22},"end":{"line":85,"column":37}},{"start":{"line":85,"column":41},"end":{"line":85,"column":67}}]},"19":{"line":88,"type":"if","locations":[{"start":{"line":88,"column":19},"end":{"line":88,"column":19}},{"start":{"line":88,"column":19},"end":{"line":88,"column":19}}]},"20":{"line":88,"type":"binary-expr","locations":[{"start":{"line":88,"column":22},"end":{"line":88,"column":37}},{"start":{"line":88,"column":41},"end":{"line":88,"column":65}}]},"21":{"line":101,"type":"if","locations":[{"start":{"line":101,"column":10},"end":{"line":101,"column":10}},{"start":{"line":101,"column":10},"end":{"line":101,"column":10}}]},"22":{"line":128,"type":"if","locations":[{"start":{"line":128,"column":4},"end":{"line":128,"column":4}},{"start":{"line":128,"column":4},"end":{"line":128,"column":4}}]},"23":{"line":129,"type":"if","locations":[{"start":{"line":129,"column":6},"end":{"line":129,"column":6}},{"start":{"line":129,"column":6},"end":{"line":129,"column":6}}]},"24":{"line":139,"type":"if","locations":[{"start":{"line":139,"column":11},"end":{"line":139,"column":11}},{"start":{"line":139,"column":11},"end":{"line":139,"column":11}}]},"25":{"line":165,"type":"if","locations":[{"start":{"line":165,"column":11},"end":{"line":165,"column":11}},{"start":{"line":165,"column":11},"end":{"line":165,"column":11}}]},"26":{"line":191,"type":"if","locations":[{"start":{"line":191,"column":11},"end":{"line":191,"column":11}},{"start":{"line":191,"column":11},"end":{"line":191,"column":11}}]},"27":{"line":208,"type":"if","locations":[{"start":{"line":208,"column":11},"end":{"line":208,"column":11}},{"start":{"line":208,"column":11},"end":{"line":208,"column":11}}]},"28":{"line":231,"type":"if","locations":[{"start":{"line":231,"column":11},"end":{"line":231,"column":11}},{"start":{"line":231,"column":11},"end":{"line":231,"column":11}}]},"29":{"line":256,"type":"if","locations":[{"start":{"line":256,"column":9},"end":{"line":256,"column":9}},{"start":{"line":256,"column":9},"end":{"line":256,"column":9}}]},"30":{"line":256,"type":"binary-expr","locations":[{"start":{"line":256,"column":13},"end":{"line":256,"column":39}},{"start":{"line":257,"column":13},"end":{"line":257,"column":44}},{"start":{"line":258,"column":13},"end":{"line":258,"column":41}},{"start":{"line":259,"column":13},"end":{"line":259,"column":45}},{"start":{"line":260,"column":13},"end":{"line":260,"column":38}}]},"31":{"line":272,"type":"if","locations":[{"start":{"line":272,"column":9},"end":{"line":272,"column":9}},{"start":{"line":272,"column":9},"end":{"line":272,"column":9}}]},"32":{"line":276,"type":"if","locations":[{"start":{"line":276,"column":8},"end":{"line":276,"column":8}},{"start":{"line":276,"column":8},"end":{"line":276,"column":8}}]},"33":{"line":288,"type":"if","locations":[{"start":{"line":288,"column":9},"end":{"line":288,"column":9}},{"start":{"line":288,"column":9},"end":{"line":288,"column":9}}]},"34":{"line":300,"type":"if","locations":[{"start":{"line":300,"column":9},"end":{"line":300,"column":9}},{"start":{"line":300,"column":9},"end":{"line":300,"column":9}}]},"35":{"line":313,"type":"if","locations":[{"start":{"line":313,"column":4},"end":{"line":313,"column":4}},{"start":{"line":313,"column":4},"end":{"line":313,"column":4}}]},"36":{"line":313,"type":"binary-expr","locations":[{"start":{"line":313,"column":7},"end":{"line":313,"column":14}},{"start":{"line":313,"column":18},"end":{"line":313,"column":28}}]}},"code":["/*","The MIT License (MIT)","=====================","","Copyright (c) 2015 Luis Montes","","Permission is hereby granted, free of charge, to any person obtaining a copy of this software and associated documentation files (the \"Software\"), to deal in the Software without restriction, including without limitation the rights to use, copy, modify, merge, publish, distribute, sublicense, and/or sell copies of the Software, and to permit persons to whom the Software is furnished to do so, subject to the following conditions:","","The above copyright notice and this permission notice shall be included in all copies or substantial portions of the Software.","","THE SOFTWARE IS PROVIDED \"AS IS\", WITHOUT WARRANTY OF ANY KIND, EXPRESS OR IMPLIED, INCLUDING BUT NOT LIMITED TO THE WARRANTIES OF MERCHANTABILITY, FITNESS FOR A PARTICULAR PURPOSE AND NONINFRINGEMENT. IN NO EVENT SHALL THE AUTHORS OR COPYRIGHT HOLDERS BE LIABLE FOR ANY CLAIM, DAMAGES OR OTHER LIABILITY, WHETHER IN AN ACTION OF CONTRACT, TORT OR OTHERWISE, ARISING FROM, OUT OF OR IN CONNECTION WITH THE SOFTWARE OR THE USE OR OTHER DEALINGS IN THE SOFTWARE.","*/","'use strict';","","var five = require('johnny-five');","var firmata = require('firmata');","var net = require('net');","","function createNode(RED){","","","  function start(node){","    if(node.io){","      node.io.on('connect', function(){","        node.emit('networkReady', node.io);","      });","      node.board = new five.Board({io: node.io, id: node.id, repl: false, timeout: 2e4});","      node.board.on('ready', function(){","        if (RED.settings.verbose) { node.log('io ready'); }","        process.nextTick(function() {","          node.emit('ioready', node.io);","        });","      });","","      node.board.on('error', node.error.bind(node));","      node.on('close', function(done) {","","        if (RED.settings.verbose) { node.log('closing nodebot'); }","        try{","","          if(node.tcpServer){","            try{","              node.tcpServer.close();","            }","            catch(exp){","              node.error(exp);","            }","          }","","          if(node.io && node.io.close){","            node.io.close();","          }","          else if(node.io && node.io.sp){","            if(node.io.sp.close){","              node.io.sp.close();","            }else if(node.io.sp.end){","              node.io.sp.end();","            }","          }","","          if(node.client && node.client.stop){","            node.client.stop();","          }","          if(node.client && node.client.close){","            node.client.close();","          }","","          var cachedBoards = [];","          five.Board.cache.forEach(function(){","            five.Board.cache.pop();","          });","","          cachedBoards.forEach(function(board){","            if(board !== node.board){","              five.Board.cache.push(board);","            }","          });","","          //try and cleanup board","          node.board.register.forEach(function(component){","            try{","              if(component.stop){","                component.stop();","              }","              else if(component.state && component.state.intervalId){","                clearInterval(component.state.intervalId);","              }","              else if(component.state && component.state.interval){","                clearInterval(component.state.interval);","              }","              component.io = null;","              component.board = null;","            }catch(compE){","              console.log('error trying to cleanup component', compE);","            }","","          });","          node.board.io = null;","","          done();","          if (RED.settings.verbose) { node.log(\"port closed\"); }","        }catch(exp){","          console.log('error closing', exp);","          done();","        }","      });","","    }else{","      node.emit('ioError', 'invalid IO class');","    }","  }","","  function nodebotNode(n) {","    RED.nodes.createNode(this,n);","    var node = this;","","    var boardModule, sp, VirtualSerialPort, client;","    try{","      boardModule = require(n.boardType);","    }catch(exp){","      node.log('error loading io class', n.boardType, exp);","      process.nextTick(function() {","        node.emit('ioError', exp);","      });","      return;","    }","","    if(n.boardType === 'firmata'){","      if(n.connectionType === 'local'){","        try{","          node.io = new firmata.Board(n.serialportName, { serialport:{baudRate:57600, bufferSize:256, lock: false} });","          start(node);","        }catch(exp){","          process.nextTick(function() {","            node.emit('ioError', exp);","          });","        }","      }","      else if(n.connectionType === 'mqtt'){","        try{","          var mqtt = require('mqtt');","          VirtualSerialPort = require('mqtt-serial').SerialPort;","","          client = mqtt.connect(n.mqttServer,","          {username: n.username, password: n.password});","          client.on('error', function(err){","            node.warn(err);","          });","","          sp = new VirtualSerialPort({","            client: client,","            transmitTopic: n.pubTopic,","            receiveTopic: n.subTopic","          });","","          node.io = new firmata.Board(sp, {samplingInterval: 300, reportVersionTimeout: 15000});","          start(node);","        }catch(exp){","          console.log('error initializing mqtt firmata', exp);","          process.nextTick(function() {","            node.emit('ioError', exp);","          });","        }","      }","      else if(n.connectionType === 'meshblu'){","        try{","          var meshblu = require('meshblu');","          VirtualSerialPort = require('skynet-serial').SerialPort;","","          client = meshblu.createConnection({","            uuid: n.uuid,","            token: n.token,","            server: n.meshbluServer","          });","","          client.once('ready', function(data){","            console.log('client ready, creating virtual serial port');","            sp = new VirtualSerialPort(client, n.sendUuid);","            node.io = new firmata.Board(sp, {samplingInterval: 300, reportVersionTimeout: 15000});","            start(node);","          });","          node.client = client;","","        }catch(exp){","          console.log('error initializing mqtt firmata', exp);","          process.nextTick(function() {","            node.emit('ioError', exp);","          });","        }","      }","      else if(n.connectionType === 'tcplisten'){ //mode listen network","","        node.tcpServer = net.createServer(function(socket){","          node.io = new firmata.Board(socket);","          start(node);","            console.log('client ready', socket.remoteAddress + \":\" + socket.remotePort );","             socket.emit('open', {});","            socket.on('error', function(err){","            console.log('tcp error', err);","            node.warn(err);","            process.nextTick(function() {","              node.emit('networkError', err);","            });","          });","        }).listen(parseInt(n.tcpPort, 10));","","      }","      else if(n.connectionType === 'tcp'){","        //console.log('trying', n.tcpHost, n.tcpPort);","        var options = {","          host: n.tcpHost,","          port: parseInt(n.tcpPort, 10)","        };","        var client = net.connect(options);","        node.io = new firmata.Board(client);","        client.on('connect', function(){","          console.log('client ready');","          client.emit('open', {});","        });","        start(node);","","        client.on('error', function(err){","          console.log('tcp error', err);","          node.warn(err);","          process.nextTick(function() {","            node.emit('networkError', err);","          });","        });","","      }","      else if(n.connectionType === 'udp'){","        VirtualSerialPort = require('udp-serial').SerialPort;","        var options = {","          host: n.tcpHost,","          port: parseInt(n.tcpPort, 10),","          type: 'udp4'","        };","        sp = new VirtualSerialPort(options);","        node.io = new firmata.Board(sp, {reportVersionTimeout: 10});","        process.nextTick(function() {","          node.emit('networkReady', node.io);","        });","","        start(node);","","        sp.on('error', function(err){","          console.log('udp error', err);","          node.warn(err);","          process.nextTick(function() {","            node.emit('networkError', err);","          });","        });","","      }","    }","    else if( 'raspi-io' === n.boardType ||","             'beaglebone-io' === n.boardType ||","             'galileo-io' === n.boardType ||","             'blend-micro-io' === n.boardType ||","             'chip-io' === n.boardType){","","      try{","        node.io = new boardModule();","        start(node);","      }catch(exp){","        console.log('error initializing io class', n.boardType, exp);","        process.nextTick(function() {","          node.emit('ioError', exp);","        });","      }","    }","    else if( 'bean-io' === n.boardType){","","      try{","        var options = {};","        if(n.beanId){","          options.uuid = n.beanId;","        }","        node.io = new boardModule.Board(options);","        start(node);","      }catch(exp){","        console.log('error initializing bean-io class', n.boardType, exp);","        process.nextTick(function() {","          node.emit('ioError', exp);","        });","      }","    }","    else if( 'imp-io' === n.boardType){","","      try{","        node.io = new boardModule({agent: n.impId});","        start(node);","      }catch(exp){","        console.log('error initializing imp-io class', n.boardType, exp);","        process.nextTick(function() {","          node.emit('ioError', exp);","        });","      }","    }","    else if( 'spark-io' === n.boardType){","","      try{","        node.io = new boardModule({deviceId: n.sparkId, token: n.sparkToken});","        start(node);","      }catch(exp){","        console.log('error initializing spark-io class', n.boardType, exp);","        process.nextTick(function() {","          node.emit('ioError', exp);","        });","      }","    }","","    if(node.io && node.io.on){","      node.io.on('error', function(err){","        node.error(err);","      });","    }","","","  }","  RED.nodes.registerType(\"nodebot\", nodebotNode);","","  return nodebotNode;","}","","module.exports = createNode;",""],"l":{"15":1,"16":1,"17":1,"19":1,"22":1,"23":0,"24":0,"25":0,"27":0,"28":0,"29":0,"30":0,"31":0,"35":0,"36":0,"38":0,"39":0,"41":0,"42":0,"43":0,"46":0,"50":0,"51":0,"53":0,"54":0,"55":0,"56":0,"57":0,"61":0,"62":0,"64":0,"65":0,"68":0,"69":0,"70":0,"73":0,"74":0,"75":0,"80":0,"81":0,"82":0,"83":0,"85":0,"86":0,"88":0,"89":0,"91":0,"92":0,"94":0,"98":0,"100":0,"101":0,"103":0,"104":0,"109":0,"113":1,"114":0,"115":0,"117":0,"118":0,"119":0,"121":0,"122":0,"123":0,"125":0,"128":0,"129":0,"130":0,"131":0,"132":0,"134":0,"135":0,"139":0,"140":0,"141":0,"142":0,"144":0,"146":0,"147":0,"150":0,"156":0,"157":0,"159":0,"160":0,"161":0,"165":0,"166":0,"167":0,"168":0,"170":0,"176":0,"177":0,"178":0,"179":0,"180":0,"182":0,"185":0,"186":0,"187":0,"191":0,"193":0,"194":0,"195":0,"196":0,"197":0,"198":0,"199":0,"200":0,"201":0,"202":0,"208":0,"210":0,"214":0,"215":0,"216":0,"217":0,"218":0,"220":0,"222":0,"223":0,"224":0,"225":0,"226":0,"231":0,"232":0,"233":0,"238":0,"239":0,"240":0,"241":0,"244":0,"246":0,"247":0,"248":0,"249":0,"250":0,"256":0,"262":0,"263":0,"264":0,"266":0,"267":0,"268":0,"272":0,"274":0,"275":0,"276":0,"277":0,"279":0,"280":0,"282":0,"283":0,"284":0,"288":0,"290":0,"291":0,"292":0,"294":0,"295":0,"296":0,"300":0,"302":0,"303":0,"304":0,"306":0,"307":0,"308":0,"313":0,"314":0,"315":0,"321":0,"323":0,"326":1}}}